Log file open, 06/25/19 23:17:53
LogWindows: Failed to load 'aqProf.dll' (GetLastError=126)
LogWindows: File 'aqProf.dll' does not exist
LogWindows: Failed to load 'VtuneApi.dll' (GetLastError=126)
LogWindows: File 'VtuneApi.dll' does not exist
LogWindows: Failed to load 'VtuneApi32e.dll' (GetLastError=126)
LogWindows: File 'VtuneApi32e.dll' does not exist
LogConsoleResponse: Display: Failed to find resolution value strings in scalability ini. Falling back to default.
LogInit: Display: Running engine for game: BaseCityBlock
LogPakFile: Registered encryption key '00000000000000000000000000000000': 0 pak files mounted, 0 remain pending
LogPlatformFile: Not using cached read wrapper
LogTaskGraph: Started task graph with 5 named threads and 23 total threads with 3 sets of task threads.
LogStats: Stats thread started at 0.379680
LogD3D11RHI: Loaded GFSDK_Aftermath_Lib.x64.dll
LogICUInternationalization: ICU TimeZone Detection - Raw Offset: -7:00, Platform Override: ''
LogPluginManager: Mounting plugin Paper2D
LogPluginManager: Mounting plugin AISupport
LogPluginManager: Mounting plugin LightPropagationVolume
LogPluginManager: Mounting plugin ActorLayerUtilities
LogPluginManager: Mounting plugin CLionSourceCodeAccess
LogPluginManager: Mounting plugin CodeLiteSourceCodeAccess
LogPluginManager: Mounting plugin GitSourceControl
LogPluginManager: Mounting plugin KDevelopSourceCodeAccess
LogPluginManager: Mounting plugin NullSourceCodeAccess
LogPluginManager: Mounting plugin PerforceSourceControl
LogPluginManager: Mounting plugin SubversionSourceControl
LogPluginManager: Mounting plugin UObjectPlugin
LogPluginManager: Mounting plugin VisualStudioCodeSourceCodeAccess
LogPluginManager: Mounting plugin VisualStudioSourceCodeAccess
LogPluginManager: Mounting plugin XCodeSourceCodeAccess
LogPluginManager: Mounting plugin AssetManagerEditor
LogPluginManager: Mounting plugin CryptoKeys
LogPluginManager: Mounting plugin DataValidation
LogPluginManager: Mounting plugin FacialAnimation
LogPluginManager: Mounting plugin GameplayTagsEditor
LogPluginManager: Mounting plugin MacGraphicsSwitching
LogPluginManager: Mounting plugin MeshEditor
LogPluginManager: Mounting plugin MobileLauncherProfileWizard
LogPluginManager: Mounting plugin PluginBrowser
LogPluginManager: Mounting plugin SpeedTreeImporter
LogPluginManager: Mounting plugin DatasmithContent
LogPluginManager: Mounting plugin VariantManagerContent
LogPluginManager: Mounting plugin AlembicImporter
LogPluginManager: Mounting plugin AppleImageUtils
LogPluginManager: Mounting plugin AppleVision
LogPluginManager: Mounting plugin BackChannel
LogPluginManager: Mounting plugin CharacterAI
LogPluginManager: Mounting plugin GeometryCache
LogPluginManager: Mounting plugin HTML5Networking
LogPluginManager: Mounting plugin ProxyLODPlugin
LogPluginManager: Mounting plugin MagicLeap
LogPluginManager: Mounting plugin MagicLeapMedia
LogPluginManager: Mounting plugin AndroidMedia
LogPluginManager: Mounting plugin AvfMedia
LogPluginManager: Mounting plugin ImgMedia
LogPluginManager: Mounting plugin LinearTimecode
LogPluginManager: Mounting plugin MediaCompositing
LogPluginManager: Mounting plugin MediaPlayerEditor
LogPluginManager: Mounting plugin WebMMedia
LogPluginManager: Mounting plugin WmfMedia
LogPluginManager: Mounting plugin TcpMessaging
LogPluginManager: Mounting plugin UdpMessaging
LogPluginManager: Mounting plugin ActorSequence
LogPluginManager: Mounting plugin LevelSequenceEditor
LogPluginManager: Mounting plugin MatineeToLevelSequence
LogPluginManager: Mounting plugin NetcodeUnitTest
LogPluginManager: Mounting plugin NUTUnrealEngine4
LogPluginManager: Mounting plugin OnlineSubsystemGooglePlay
LogPluginManager: Mounting plugin OnlineSubsystemIOS
LogPluginManager: Mounting plugin OnlineSubsystem
LogPluginManager: Mounting plugin OnlineSubsystemNull
LogPluginManager: Mounting plugin OnlineSubsystemUtils
LogPluginManager: Mounting plugin LauncherChunkInstaller
LogPluginManager: Mounting plugin AndroidDeviceProfileSelector
LogPluginManager: Mounting plugin AndroidMoviePlayer
LogPluginManager: Mounting plugin AndroidPermission
LogPluginManager: Mounting plugin AppleMoviePlayer
LogPluginManager: Mounting plugin ArchVisCharacter
LogPluginManager: Mounting plugin AudioCapture
LogPluginManager: Mounting plugin CableComponent
LogPluginManager: Mounting plugin CustomMeshComponent
LogPluginManager: Mounting plugin EditableMesh
LogPluginManager: Mounting plugin ExampleDeviceProfileSelector
LogPluginManager: Mounting plugin Firebase
LogPluginManager: Mounting plugin GoogleCloudMessaging
LogPluginManager: Mounting plugin IOSDeviceProfileSelector
LogPluginManager: Mounting plugin LinuxDeviceProfileSelector
LogPluginManager: Mounting plugin LocationServicesBPLibrary
LogPluginManager: Mounting plugin MobilePatchingUtils
LogPluginManager: Mounting plugin OculusVR
LogPluginManager: Mounting plugin PhysXVehicles
LogPluginManager: Mounting plugin ProceduralMeshComponent
LogPluginManager: Mounting plugin RuntimePhysXCooking
LogPluginManager: Mounting plugin SteamVR
LogPluginManager: Mounting plugin WebMMoviePlayer
LogPluginManager: Mounting plugin WindowsMoviePlayer
LogStreaming: Display: Took  0.286s to configure plugins.
LogInit: Using libcurl 7.55.1-DEV
LogInit:  - built for x86_64-pc-win32
LogInit:  - supports SSL with OpenSSL/1.0.2h
LogInit:  - supports HTTP deflate (compression) using libz 1.2.8
LogInit:  - other features:
LogInit:      CURL_VERSION_SSL
LogInit:      CURL_VERSION_LIBZ
LogInit:      CURL_VERSION_IPV6
LogInit:      CURL_VERSION_ASYNCHDNS
LogInit:      CURL_VERSION_LARGEFILE
LogInit:      CURL_VERSION_IDN
LogInit:  CurlRequestOptions (configurable via config and command line):
LogInit:  - bVerifyPeer = true  - Libcurl will verify peer certificate
LogInit:  - bUseHttpProxy = false  - Libcurl will NOT use HTTP proxy
LogInit:  - bDontReuseConnections = false  - Libcurl will reuse connections
LogInit:  - MaxHostConnections = 16  - Libcurl will limit the number of connections to a host
LogInit:  - LocalHostAddr = Default
LogInit:  - BufferSize = 65536
LogInit: WinSock: version 1.1 (2.2), MaxSocks=32767, MaxUdp=65467
LogInit: Build: ++UE4+Release-4.21-CL-4753647
LogInit: Engine Version: 4.21.2-4753647+++UE4+Release-4.21
LogInit: Compatible Engine Version: 4.21.0-4541578+++UE4+Release-4.21
LogInit: Net CL: 4541578
LogInit: OS: Windows 10 (), CPU: Intel(R) Core(TM) i7-6700HQ CPU @ 2.60GHz, GPU: Intel(R) HD Graphics 530
LogInit: Compiled (64-bit): Jan 19 2019 02:07:31
LogInit: Compiled with Visual C++: 19.13.26129.00
LogInit: Build Configuration: Development
LogInit: Branch Name: ++UE4+Release-4.21
LogInit: Command Line: 
LogInit: Base Directory: F:/EPICGAMES/Epic Games/UE_4.21/Engine/Binaries/Win64/
LogInit: Installed Engine Build: 1
LogDevObjectVersion: Number of dev versions registered: 22
LogDevObjectVersion:   Dev-Blueprints (B0D832E4-1F89-4F0D-ACCF-7EB736FD4AA2): 10
LogDevObjectVersion:   Dev-Build (E1C64328-A22C-4D53-A36C-8E866417BD8C): 0
LogDevObjectVersion:   Dev-Core (375EC13C-06E4-48FB-B500-84F0262A717E): 2
LogDevObjectVersion:   Dev-Editor (E4B068ED-F494-42E9-A231-DA0B2E46BB41): 26
LogDevObjectVersion:   Dev-Framework (CFFC743F-43B0-4480-9391-14DF171D2073): 34
LogDevObjectVersion:   Dev-Mobile (B02B49B5-BB20-44E9-A304-32B752E40360): 2
LogDevObjectVersion:   Dev-Networking (A4E4105C-59A1-49B5-A7C5-40C4547EDFEE): 0
LogDevObjectVersion:   Dev-Online (39C831C9-5AE6-47DC-9A44-9C173E1C8E7C): 0
LogDevObjectVersion:   Dev-Physics (78F01B33-EBEA-4F98-B9B4-84EACCB95AA2): 0
LogDevObjectVersion:   Dev-Platform (6631380F-2D4D-43E0-8009-CF276956A95A): 0
LogDevObjectVersion:   Dev-Rendering (12F88B9F-8875-4AFC-A67C-D90C383ABD29): 27
LogDevObjectVersion:   Dev-Sequencer (7B5AE74C-D270-4C10-A958-57980B212A5A): 9
LogDevObjectVersion:   Dev-VR (D7296918-1DD6-4BDD-9DE2-64A83CC13884): 2
LogDevObjectVersion:   Dev-LoadTimes (C2A15278-BFE7-4AFE-6C17-90FF531DF755): 1
LogDevObjectVersion:   Private-Geometry (6EACA3D4-40EC-4CC1-B786-8BED09428FC5): 3
LogDevObjectVersion:   Dev-AnimPhys (29E575DD-E0A3-4627-9D10-D276232CDCEA): 17
LogDevObjectVersion:   Dev-Anim (AF43A65D-7FD3-4947-9873-3E8ED9C1BB05): 2
LogDevObjectVersion:   Dev-ReflectionCapture (6B266CEC-1EC7-4B8F-A30B-E4D90942FC07): 1
LogDevObjectVersion:   Dev-Automation (0DF73D61-A23F-47EA-B727-89E90C41499A): 1
LogDevObjectVersion:   FortniteMain (601D1886-AC64-4F84-AA16-D3DE0DEAC7D6): 17
LogDevObjectVersion:   Dev-Enterprise (9DFFBCD6-494F-0158-E221-12823C92A888): 4
LogDevObjectVersion:   Dev-Niagara (F2AED0AC-9AFE-416F-8664-AA7FFA26D6FC): 1
LogStreaming: Display: Took  0.001s to delete old logs.
LogInit: Presizing for max 8388607 objects, including 0 objects not considered by GC, pre-allocating 0 bytes for permanent pool.
LogInit: Object subsystem initialized
LogConfig: Setting CVar [[con.DebugEarlyDefault:1]]
LogConfig: Setting CVar [[r.setres:1280x720]]
[2019.06.26-05.17.54:095][  0]LogConfig: Setting CVar [[r.VSync:0]]
[2019.06.26-05.17.54:095][  0]LogConfig: Setting CVar [[r.RHICmdBypass:0]]
[2019.06.26-05.17.54:095][  0]LogConfig: Applying CVar settings from Section [/Script/Engine.RendererSettings] File [C:/Users/xavie/OneDrive/Documents/GitHub/finalLevel/BaseCityBlock/Saved/Config/Windows/Engine.ini]
[2019.06.26-05.17.54:095][  0]LogConfig: Setting CVar [[r.GPUCrashDebugging:0]]
[2019.06.26-05.17.54:095][  0]LogConfig: Applying CVar settings from Section [/Script/Engine.RendererOverrideSettings] File [C:/Users/xavie/OneDrive/Documents/GitHub/finalLevel/BaseCityBlock/Saved/Config/Windows/Engine.ini]
[2019.06.26-05.17.54:095][  0]LogConfig: Applying CVar settings from Section [/Script/Engine.StreamingSettings] File [C:/Users/xavie/OneDrive/Documents/GitHub/finalLevel/BaseCityBlock/Saved/Config/Windows/Engine.ini]
[2019.06.26-05.17.54:095][  0]LogConfig: Setting CVar [[s.MinBulkDataSizeForAsyncLoading:131072]]
[2019.06.26-05.17.54:095][  0]LogConfig: Setting CVar [[s.AsyncLoadingThreadEnabled:0]]
[2019.06.26-05.17.54:095][  0]LogConfig: Setting CVar [[s.EventDrivenLoaderEnabled:1]]
[2019.06.26-05.17.54:095][  0]LogConfig: Setting CVar [[s.WarnIfTimeLimitExceeded:0]]
[2019.06.26-05.17.54:095][  0]LogConfig: Setting CVar [[s.TimeLimitExceededMultiplier:1.5]]
[2019.06.26-05.17.54:095][  0]LogConfig: Setting CVar [[s.TimeLimitExceededMinTime:0.005]]
[2019.06.26-05.17.54:095][  0]LogConfig: Setting CVar [[s.UseBackgroundLevelStreaming:1]]
[2019.06.26-05.17.54:095][  0]LogConfig: Setting CVar [[s.PriorityAsyncLoadingExtraTime:15.0]]
[2019.06.26-05.17.54:095][  0]LogConfig: Setting CVar [[s.LevelStreamingActorsUpdateTimeLimit:5.0]]
[2019.06.26-05.17.54:095][  0]LogConfig: Setting CVar [[s.PriorityLevelStreamingActorsUpdateExtraTime:5.0]]
[2019.06.26-05.17.54:095][  0]LogConfig: Setting CVar [[s.LevelStreamingComponentsRegistrationGranularity:10]]
[2019.06.26-05.17.54:095][  0]LogConfig: Setting CVar [[s.UnregisterComponentsTimeLimit:1.0]]
[2019.06.26-05.17.54:095][  0]LogConfig: Setting CVar [[s.LevelStreamingComponentsUnregistrationGranularity:5]]
[2019.06.26-05.17.54:095][  0]LogConfig: Applying CVar settings from Section [/Script/Engine.GarbageCollectionSettings] File [C:/Users/xavie/OneDrive/Documents/GitHub/finalLevel/BaseCityBlock/Saved/Config/Windows/Engine.ini]
[2019.06.26-05.17.54:095][  0]LogConfig: Setting CVar [[gc.MaxObjectsNotConsideredByGC:1]]
[2019.06.26-05.17.54:095][  0]LogConfig: Setting CVar [[gc.SizeOfPermanentObjectPool:0]]
[2019.06.26-05.17.54:095][  0]LogConfig: Setting CVar [[gc.FlushStreamingOnGC:0]]
[2019.06.26-05.17.54:095][  0]LogConfig: Setting CVar [[gc.NumRetriesBeforeForcingGC:10]]
[2019.06.26-05.17.54:095][  0]LogConfig: Setting CVar [[gc.AllowParallelGC:1]]
[2019.06.26-05.17.54:095][  0]LogConfig: Setting CVar [[gc.TimeBetweenPurgingPendingKillObjects:61.1]]
[2019.06.26-05.17.54:095][  0]LogConfig: Setting CVar [[gc.MaxObjectsInEditor:8388607]]
[2019.06.26-05.17.54:095][  0]LogConfig: Setting CVar [[gc.IncrementalBeginDestroyEnabled:1]]
[2019.06.26-05.17.54:095][  0]LogConfig: Setting CVar [[gc.CreateGCClusters:1]]
[2019.06.26-05.17.54:095][  0]LogConfig: Setting CVar [[gc.MergeGCClusters:0]]
[2019.06.26-05.17.54:095][  0]LogConfig: Setting CVar [[gc.MinGCClusterSize:5]]
[2019.06.26-05.17.54:095][  0]LogConfig: Setting CVar [[gc.ActorClusteringEnabled:0]]
[2019.06.26-05.17.54:095][  0]LogConfig: Setting CVar [[gc.BlueprintClusteringEnabled:0]]
[2019.06.26-05.17.54:095][  0]LogConfig: Setting CVar [[gc.UseDisregardForGCOnDedicatedServers:0]]
[2019.06.26-05.17.54:096][  0]LogConfig: Applying CVar settings from Section [/Script/Engine.NetworkSettings] File [C:/Users/xavie/OneDrive/Documents/GitHub/finalLevel/BaseCityBlock/Saved/Config/Windows/Engine.ini]
[2019.06.26-05.17.54:096][  0]LogConfig: Applying CVar settings from Section [/Script/UnrealEd.CookerSettings] File [C:/Users/xavie/OneDrive/Documents/GitHub/finalLevel/BaseCityBlock/Saved/Config/Windows/Engine.ini]
[2019.06.26-05.17.54:100][  0]LogConfig: Applying CVar settings from Section [ViewDistanceQuality@3] File [C:/Users/xavie/OneDrive/Documents/GitHub/finalLevel/BaseCityBlock/Saved/Config/Windows/Scalability.ini]
[2019.06.26-05.17.54:100][  0]LogConfig: Setting CVar [[r.SkeletalMeshLODBias:0]]
[2019.06.26-05.17.54:100][  0]LogConfig: Setting CVar [[r.ViewDistanceScale:1.0]]
[2019.06.26-05.17.54:100][  0]LogConfig: Applying CVar settings from Section [AntiAliasingQuality@3] File [C:/Users/xavie/OneDrive/Documents/GitHub/finalLevel/BaseCityBlock/Saved/Config/Windows/Scalability.ini]
[2019.06.26-05.17.54:100][  0]LogConfig: Setting CVar [[r.PostProcessAAQuality:4]]
[2019.06.26-05.17.54:100][  0]LogConfig: Applying CVar settings from Section [ShadowQuality@3] File [C:/Users/xavie/OneDrive/Documents/GitHub/finalLevel/BaseCityBlock/Saved/Config/Windows/Scalability.ini]
[2019.06.26-05.17.54:100][  0]LogConfig: Setting CVar [[r.LightFunctionQuality:1]]
[2019.06.26-05.17.54:100][  0]LogConfig: Setting CVar [[r.ShadowQuality:5]]
[2019.06.26-05.17.54:100][  0]LogConfig: Setting CVar [[r.Shadow.CSM.MaxCascades:10]]
[2019.06.26-05.17.54:100][  0]LogConfig: Setting CVar [[r.Shadow.MaxResolution:2048]]
[2019.06.26-05.17.54:100][  0]LogConfig: Setting CVar [[r.Shadow.MaxCSMResolution:2048]]
[2019.06.26-05.17.54:100][  0]LogConfig: Setting CVar [[r.Shadow.RadiusThreshold:0.01]]
[2019.06.26-05.17.54:100][  0]LogConfig: Setting CVar [[r.Shadow.DistanceScale:1.0]]
[2019.06.26-05.17.54:100][  0]LogConfig: Setting CVar [[r.Shadow.CSM.TransitionScale:1.0]]
[2019.06.26-05.17.54:100][  0]LogConfig: Setting CVar [[r.Shadow.PreShadowResolutionFactor:1.0]]
[2019.06.26-05.17.54:100][  0]LogConfig: Setting CVar [[r.DistanceFieldShadowing:1]]
[2019.06.26-05.17.54:100][  0]LogConfig: Setting CVar [[r.DistanceFieldAO:1]]
[2019.06.26-05.17.54:100][  0]LogConfig: Setting CVar [[r.AOQuality:2]]
[2019.06.26-05.17.54:100][  0]LogConfig: Setting CVar [[r.VolumetricFog:1]]
[2019.06.26-05.17.54:101][  0]LogConfig: Setting CVar [[r.VolumetricFog.GridPixelSize:8]]
[2019.06.26-05.17.54:101][  0]LogConfig: Setting CVar [[r.VolumetricFog.GridSizeZ:128]]
[2019.06.26-05.17.54:101][  0]LogConfig: Setting CVar [[r.VolumetricFog.HistoryMissSupersampleCount:4]]
[2019.06.26-05.17.54:101][  0]LogConfig: Setting CVar [[r.LightMaxDrawDistanceScale:1]]
[2019.06.26-05.17.54:101][  0]LogConfig: Setting CVar [[r.CapsuleShadows:1]]
[2019.06.26-05.17.54:101][  0]LogConfig: Applying CVar settings from Section [PostProcessQuality@3] File [C:/Users/xavie/OneDrive/Documents/GitHub/finalLevel/BaseCityBlock/Saved/Config/Windows/Scalability.ini]
[2019.06.26-05.17.54:101][  0]LogConfig: Setting CVar [[r.MotionBlurQuality:4]]
[2019.06.26-05.17.54:101][  0]LogConfig: Setting CVar [[r.AmbientOcclusionMipLevelFactor:0.4]]
[2019.06.26-05.17.54:101][  0]LogConfig: Setting CVar [[r.AmbientOcclusionMaxQuality:100]]
[2019.06.26-05.17.54:101][  0]LogConfig: Setting CVar [[r.AmbientOcclusionLevels:-1]]
[2019.06.26-05.17.54:101][  0]LogConfig: Setting CVar [[r.AmbientOcclusionRadiusScale:1.0]]
[2019.06.26-05.17.54:101][  0]LogConfig: Setting CVar [[r.DepthOfFieldQuality:2]]
[2019.06.26-05.17.54:101][  0]LogConfig: Setting CVar [[r.RenderTargetPoolMin:400]]
[2019.06.26-05.17.54:101][  0]LogConfig: Setting CVar [[r.LensFlareQuality:2]]
[2019.06.26-05.17.54:101][  0]LogConfig: Setting CVar [[r.SceneColorFringeQuality:1]]
[2019.06.26-05.17.54:101][  0]LogConfig: Setting CVar [[r.EyeAdaptationQuality:2]]
[2019.06.26-05.17.54:101][  0]LogConfig: Setting CVar [[r.BloomQuality:5]]
[2019.06.26-05.17.54:101][  0]LogConfig: Setting CVar [[r.FastBlurThreshold:100]]
[2019.06.26-05.17.54:101][  0]LogConfig: Setting CVar [[r.Upscale.Quality:3]]
[2019.06.26-05.17.54:101][  0]LogConfig: Setting CVar [[r.Tonemapper.GrainQuantization:1]]
[2019.06.26-05.17.54:101][  0]LogConfig: Setting CVar [[r.LightShaftQuality:1]]
[2019.06.26-05.17.54:101][  0]LogConfig: Setting CVar [[r.Filter.SizeScale:1]]
[2019.06.26-05.17.54:101][  0]LogConfig: Setting CVar [[r.Tonemapper.Quality:5]]
[2019.06.26-05.17.54:101][  0]LogConfig: Setting CVar [[r.DOF.Gather.AccumulatorQuality:1        ; higher gathering accumulator quality]]
[2019.06.26-05.17.54:101][  0]LogConfig: Setting CVar [[r.DOF.Gather.PostfilterMethod:1          ; Median3x3 postfilering method]]
[2019.06.26-05.17.54:101][  0]LogConfig: Setting CVar [[r.DOF.Gather.EnableBokehSettings:0       ; no bokeh simulation when gathering]]
[2019.06.26-05.17.54:101][  0]LogConfig: Setting CVar [[r.DOF.Gather.RingCount:4                 ; medium number of samples when gathering]]
[2019.06.26-05.17.54:101][  0]LogConfig: Setting CVar [[r.DOF.Scatter.ForegroundCompositing:1    ; additive foreground scattering]]
[2019.06.26-05.17.54:101][  0]LogConfig: Setting CVar [[r.DOF.Scatter.BackgroundCompositing:2    ; additive background scattering]]
[2019.06.26-05.17.54:101][  0]LogConfig: Setting CVar [[r.DOF.Scatter.EnableBokehSettings:1      ; bokeh simulation when scattering]]
[2019.06.26-05.17.54:101][  0]LogConfig: Setting CVar [[r.DOF.Scatter.MaxSpriteRatio:0.1         ; only a maximum of 10% of scattered bokeh]]
[2019.06.26-05.17.54:101][  0]LogConfig: Setting CVar [[r.DOF.Recombine.Quality:1                ; cheap slight out of focus]]
[2019.06.26-05.17.54:101][  0]LogConfig: Setting CVar [[r.DOF.Recombine.EnableBokehSettings:0    ; no bokeh simulation on slight out of focus]]
[2019.06.26-05.17.54:101][  0]LogConfig: Setting CVar [[r.DOF.TemporalAAQuality:1                ; more stable temporal accumulation]]
[2019.06.26-05.17.54:101][  0]LogConfig: Setting CVar [[r.DOF.Kernel.MaxForegroundRadius:0.025]]
[2019.06.26-05.17.54:101][  0]LogConfig: Setting CVar [[r.DOF.Kernel.MaxBackgroundRadius:0.025]]
[2019.06.26-05.17.54:101][  0]LogConfig: Applying CVar settings from Section [TextureQuality@3] File [C:/Users/xavie/OneDrive/Documents/GitHub/finalLevel/BaseCityBlock/Saved/Config/Windows/Scalability.ini]
[2019.06.26-05.17.54:101][  0]LogConfig: Setting CVar [[r.Streaming.MipBias:0]]
[2019.06.26-05.17.54:101][  0]LogConfig: Setting CVar [[r.Streaming.AmortizeCPUToGPUCopy:0]]
[2019.06.26-05.17.54:101][  0]LogConfig: Setting CVar [[r.Streaming.MaxNumTexturesToStreamPerFrame:0]]
[2019.06.26-05.17.54:101][  0]LogConfig: Setting CVar [[r.Streaming.Boost:1]]
[2019.06.26-05.17.54:101][  0]LogConfig: Setting CVar [[r.MaxAnisotropy:8]]
[2019.06.26-05.17.54:101][  0]LogConfig: Setting CVar [[r.Streaming.LimitPoolSizeToVRAM:0]]
[2019.06.26-05.17.54:101][  0]LogConfig: Setting CVar [[r.Streaming.PoolSize:1000]]
[2019.06.26-05.17.54:101][  0]LogConfig: Setting CVar [[r.Streaming.MaxEffectiveScreenSize:0]]
[2019.06.26-05.17.54:101][  0]LogConfig: Applying CVar settings from Section [EffectsQuality@3] File [C:/Users/xavie/OneDrive/Documents/GitHub/finalLevel/BaseCityBlock/Saved/Config/Windows/Scalability.ini]
[2019.06.26-05.17.54:101][  0]LogConfig: Setting CVar [[r.TranslucencyLightingVolumeDim:64]]
[2019.06.26-05.17.54:101][  0]LogConfig: Setting CVar [[r.RefractionQuality:2]]
[2019.06.26-05.17.54:101][  0]LogConfig: Setting CVar [[r.SSR.Quality:3]]
[2019.06.26-05.17.54:101][  0]LogConfig: Setting CVar [[r.SceneColorFormat:4]]
[2019.06.26-05.17.54:101][  0]LogConfig: Setting CVar [[r.DetailMode:2]]
[2019.06.26-05.17.54:101][  0]LogConfig: Setting CVar [[r.TranslucencyVolumeBlur:1]]
[2019.06.26-05.17.54:101][  0]LogConfig: Setting CVar [[r.MaterialQualityLevel:1 ; High quality]]
[2019.06.26-05.17.54:101][  0]LogConfig: Setting CVar [[r.SSS.Scale:1]]
[2019.06.26-05.17.54:101][  0]LogConfig: Setting CVar [[r.SSS.SampleSet:2]]
[2019.06.26-05.17.54:101][  0]LogConfig: Setting CVar [[r.SSS.Quality:1]]
[2019.06.26-05.17.54:101][  0]LogConfig: Setting CVar [[r.SSS.HalfRes:1]]
[2019.06.26-05.17.54:101][  0]LogConfig: Setting CVar [[r.EmitterSpawnRateScale:1.0]]
[2019.06.26-05.17.54:101][  0]LogConfig: Setting CVar [[r.ParticleLightQuality:2]]
[2019.06.26-05.17.54:102][  0]LogConfig: Applying CVar settings from Section [FoliageQuality@3] File [C:/Users/xavie/OneDrive/Documents/GitHub/finalLevel/BaseCityBlock/Saved/Config/Windows/Scalability.ini]
[2019.06.26-05.17.54:102][  0]LogConfig: Setting CVar [[foliage.DensityScale:1.0]]
[2019.06.26-05.17.54:102][  0]LogConfig: Setting CVar [[grass.DensityScale:1.0]]
[2019.06.26-05.17.54:102][  0]LogInit: Selected Device Profile: [Windows]
[2019.06.26-05.17.54:102][  0]LogInit: Applying CVar settings loaded from the selected device profile: [Windows]
[2019.06.26-05.17.54:116][  0]LogHAL: Display: Platform has ~ 16 GB [17066803200 / 17179869184 / 16], which maps to Larger [LargestMinGB=32, LargerMinGB=12, DefaultMinGB=8, SmallerMinGB=6, SmallestMinGB=0)
[2019.06.26-05.17.54:116][  0]LogConfig: Setting CVar [[r.Vulkan.UseRealUBs:1]]
[2019.06.26-05.17.54:116][  0]LogInit: Going up to parent DeviceProfile []
[2019.06.26-05.17.54:116][  0]LogConfig: Applying CVar settings from Section [ViewDistanceQuality@3] File [C:/Users/xavie/OneDrive/Documents/GitHub/finalLevel/BaseCityBlock/Saved/Config/Windows/Scalability.ini]
[2019.06.26-05.17.54:116][  0]LogConfig: Setting CVar [[r.SkeletalMeshLODBias:0]]
[2019.06.26-05.17.54:116][  0]LogConfig: Setting CVar [[r.ViewDistanceScale:1.0]]
[2019.06.26-05.17.54:116][  0]LogConfig: Applying CVar settings from Section [AntiAliasingQuality@3] File [C:/Users/xavie/OneDrive/Documents/GitHub/finalLevel/BaseCityBlock/Saved/Config/Windows/Scalability.ini]
[2019.06.26-05.17.54:116][  0]LogConfig: Setting CVar [[r.PostProcessAAQuality:4]]
[2019.06.26-05.17.54:116][  0]LogConfig: Applying CVar settings from Section [ShadowQuality@3] File [C:/Users/xavie/OneDrive/Documents/GitHub/finalLevel/BaseCityBlock/Saved/Config/Windows/Scalability.ini]
[2019.06.26-05.17.54:116][  0]LogConfig: Setting CVar [[r.LightFunctionQuality:1]]
[2019.06.26-05.17.54:116][  0]LogConfig: Setting CVar [[r.ShadowQuality:5]]
[2019.06.26-05.17.54:116][  0]LogConfig: Setting CVar [[r.Shadow.CSM.MaxCascades:10]]
[2019.06.26-05.17.54:116][  0]LogConfig: Setting CVar [[r.Shadow.MaxResolution:2048]]
[2019.06.26-05.17.54:116][  0]LogConfig: Setting CVar [[r.Shadow.MaxCSMResolution:2048]]
[2019.06.26-05.17.54:117][  0]LogConfig: Setting CVar [[r.Shadow.RadiusThreshold:0.01]]
[2019.06.26-05.17.54:117][  0]LogConfig: Setting CVar [[r.Shadow.DistanceScale:1.0]]
[2019.06.26-05.17.54:117][  0]LogConfig: Setting CVar [[r.Shadow.CSM.TransitionScale:1.0]]
[2019.06.26-05.17.54:117][  0]LogConfig: Setting CVar [[r.Shadow.PreShadowResolutionFactor:1.0]]
[2019.06.26-05.17.54:117][  0]LogConfig: Setting CVar [[r.DistanceFieldShadowing:1]]
[2019.06.26-05.17.54:117][  0]LogConfig: Setting CVar [[r.DistanceFieldAO:1]]
[2019.06.26-05.17.54:117][  0]LogConfig: Setting CVar [[r.AOQuality:2]]
[2019.06.26-05.17.54:117][  0]LogConfig: Setting CVar [[r.VolumetricFog:1]]
[2019.06.26-05.17.54:117][  0]LogConfig: Setting CVar [[r.VolumetricFog.GridPixelSize:8]]
[2019.06.26-05.17.54:117][  0]LogConfig: Setting CVar [[r.VolumetricFog.GridSizeZ:128]]
[2019.06.26-05.17.54:117][  0]LogConfig: Setting CVar [[r.VolumetricFog.HistoryMissSupersampleCount:4]]
[2019.06.26-05.17.54:117][  0]LogConfig: Setting CVar [[r.LightMaxDrawDistanceScale:1]]
[2019.06.26-05.17.54:117][  0]LogConfig: Setting CVar [[r.CapsuleShadows:1]]
[2019.06.26-05.17.54:117][  0]LogConfig: Applying CVar settings from Section [PostProcessQuality@3] File [C:/Users/xavie/OneDrive/Documents/GitHub/finalLevel/BaseCityBlock/Saved/Config/Windows/Scalability.ini]
[2019.06.26-05.17.54:117][  0]LogConfig: Setting CVar [[r.MotionBlurQuality:4]]
[2019.06.26-05.17.54:117][  0]LogConfig: Setting CVar [[r.AmbientOcclusionMipLevelFactor:0.4]]
[2019.06.26-05.17.54:117][  0]LogConfig: Setting CVar [[r.AmbientOcclusionMaxQuality:100]]
[2019.06.26-05.17.54:117][  0]LogConfig: Setting CVar [[r.AmbientOcclusionLevels:-1]]
[2019.06.26-05.17.54:117][  0]LogConfig: Setting CVar [[r.AmbientOcclusionRadiusScale:1.0]]
[2019.06.26-05.17.54:117][  0]LogConfig: Setting CVar [[r.DepthOfFieldQuality:2]]
[2019.06.26-05.17.54:117][  0]LogConfig: Setting CVar [[r.RenderTargetPoolMin:400]]
[2019.06.26-05.17.54:117][  0]LogConfig: Setting CVar [[r.LensFlareQuality:2]]
[2019.06.26-05.17.54:117][  0]LogConfig: Setting CVar [[r.SceneColorFringeQuality:1]]
[2019.06.26-05.17.54:117][  0]LogConfig: Setting CVar [[r.EyeAdaptationQuality:2]]
[2019.06.26-05.17.54:117][  0]LogConfig: Setting CVar [[r.BloomQuality:5]]
[2019.06.26-05.17.54:117][  0]LogConfig: Setting CVar [[r.FastBlurThreshold:100]]
[2019.06.26-05.17.54:117][  0]LogConfig: Setting CVar [[r.Upscale.Quality:3]]
[2019.06.26-05.17.54:117][  0]LogConfig: Setting CVar [[r.Tonemapper.GrainQuantization:1]]
[2019.06.26-05.17.54:117][  0]LogConfig: Setting CVar [[r.LightShaftQuality:1]]
[2019.06.26-05.17.54:117][  0]LogConfig: Setting CVar [[r.Filter.SizeScale:1]]
[2019.06.26-05.17.54:117][  0]LogConfig: Setting CVar [[r.Tonemapper.Quality:5]]
[2019.06.26-05.17.54:117][  0]LogConfig: Setting CVar [[r.DOF.Gather.AccumulatorQuality:1        ; higher gathering accumulator quality]]
[2019.06.26-05.17.54:118][  0]LogConfig: Setting CVar [[r.DOF.Gather.PostfilterMethod:1          ; Median3x3 postfilering method]]
[2019.06.26-05.17.54:118][  0]LogConfig: Setting CVar [[r.DOF.Gather.EnableBokehSettings:0       ; no bokeh simulation when gathering]]
[2019.06.26-05.17.54:118][  0]LogConfig: Setting CVar [[r.DOF.Gather.RingCount:4                 ; medium number of samples when gathering]]
[2019.06.26-05.17.54:118][  0]LogConfig: Setting CVar [[r.DOF.Scatter.ForegroundCompositing:1    ; additive foreground scattering]]
[2019.06.26-05.17.54:118][  0]LogConfig: Setting CVar [[r.DOF.Scatter.BackgroundCompositing:2    ; additive background scattering]]
[2019.06.26-05.17.54:118][  0]LogConfig: Setting CVar [[r.DOF.Scatter.EnableBokehSettings:1      ; bokeh simulation when scattering]]
[2019.06.26-05.17.54:118][  0]LogConfig: Setting CVar [[r.DOF.Scatter.MaxSpriteRatio:0.1         ; only a maximum of 10% of scattered bokeh]]
[2019.06.26-05.17.54:118][  0]LogConfig: Setting CVar [[r.DOF.Recombine.Quality:1                ; cheap slight out of focus]]
[2019.06.26-05.17.54:118][  0]LogConfig: Setting CVar [[r.DOF.Recombine.EnableBokehSettings:0    ; no bokeh simulation on slight out of focus]]
[2019.06.26-05.17.54:118][  0]LogConfig: Setting CVar [[r.DOF.TemporalAAQuality:1                ; more stable temporal accumulation]]
[2019.06.26-05.17.54:118][  0]LogConfig: Setting CVar [[r.DOF.Kernel.MaxForegroundRadius:0.025]]
[2019.06.26-05.17.54:118][  0]LogConfig: Setting CVar [[r.DOF.Kernel.MaxBackgroundRadius:0.025]]
[2019.06.26-05.17.54:118][  0]LogConfig: Applying CVar settings from Section [TextureQuality@3] File [C:/Users/xavie/OneDrive/Documents/GitHub/finalLevel/BaseCityBlock/Saved/Config/Windows/Scalability.ini]
[2019.06.26-05.17.54:118][  0]LogConfig: Setting CVar [[r.Streaming.MipBias:0]]
[2019.06.26-05.17.54:118][  0]LogConfig: Setting CVar [[r.Streaming.AmortizeCPUToGPUCopy:0]]
[2019.06.26-05.17.54:118][  0]LogConfig: Setting CVar [[r.Streaming.MaxNumTexturesToStreamPerFrame:0]]
[2019.06.26-05.17.54:118][  0]LogConfig: Setting CVar [[r.Streaming.Boost:1]]
[2019.06.26-05.17.54:118][  0]LogConfig: Setting CVar [[r.MaxAnisotropy:8]]
[2019.06.26-05.17.54:118][  0]LogConfig: Setting CVar [[r.Streaming.LimitPoolSizeToVRAM:0]]
[2019.06.26-05.17.54:118][  0]LogConfig: Setting CVar [[r.Streaming.PoolSize:1000]]
[2019.06.26-05.17.54:118][  0]LogConfig: Setting CVar [[r.Streaming.MaxEffectiveScreenSize:0]]
[2019.06.26-05.17.54:118][  0]LogConfig: Applying CVar settings from Section [EffectsQuality@3] File [C:/Users/xavie/OneDrive/Documents/GitHub/finalLevel/BaseCityBlock/Saved/Config/Windows/Scalability.ini]
[2019.06.26-05.17.54:118][  0]LogConfig: Setting CVar [[r.TranslucencyLightingVolumeDim:64]]
[2019.06.26-05.17.54:118][  0]LogConfig: Setting CVar [[r.RefractionQuality:2]]
[2019.06.26-05.17.54:118][  0]LogConfig: Setting CVar [[r.SSR.Quality:3]]
[2019.06.26-05.17.54:118][  0]LogConfig: Setting CVar [[r.SceneColorFormat:4]]
[2019.06.26-05.17.54:118][  0]LogConfig: Setting CVar [[r.DetailMode:2]]
[2019.06.26-05.17.54:119][  0]LogConfig: Setting CVar [[r.TranslucencyVolumeBlur:1]]
[2019.06.26-05.17.54:119][  0]LogConfig: Setting CVar [[r.MaterialQualityLevel:1 ; High quality]]
[2019.06.26-05.17.54:119][  0]LogConfig: Setting CVar [[r.SSS.Scale:1]]
[2019.06.26-05.17.54:119][  0]LogConfig: Setting CVar [[r.SSS.SampleSet:2]]
[2019.06.26-05.17.54:119][  0]LogConfig: Setting CVar [[r.SSS.Quality:1]]
[2019.06.26-05.17.54:119][  0]LogConfig: Setting CVar [[r.SSS.HalfRes:1]]
[2019.06.26-05.17.54:119][  0]LogConfig: Setting CVar [[r.EmitterSpawnRateScale:1.0]]
[2019.06.26-05.17.54:119][  0]LogConfig: Setting CVar [[r.ParticleLightQuality:2]]
[2019.06.26-05.17.54:119][  0]LogConfig: Applying CVar settings from Section [FoliageQuality@3] File [C:/Users/xavie/OneDrive/Documents/GitHub/finalLevel/BaseCityBlock/Saved/Config/Windows/Scalability.ini]
[2019.06.26-05.17.54:119][  0]LogConfig: Setting CVar [[foliage.DensityScale:1.0]]
[2019.06.26-05.17.54:119][  0]LogConfig: Setting CVar [[grass.DensityScale:1.0]]
[2019.06.26-05.17.54:119][  0]LogConfig: Applying CVar settings from Section [Startup] File [../../../Engine/Config/ConsoleVariables.ini]
[2019.06.26-05.17.54:119][  0]LogConfig: Setting CVar [[net.UseAdaptiveNetUpdateFrequency:0]]
[2019.06.26-05.17.54:119][  0]LogConfig: Applying CVar settings from Section [ConsoleVariables] File [C:/Users/xavie/OneDrive/Documents/GitHub/finalLevel/BaseCityBlock/Saved/Config/Windows/Engine.ini]
[2019.06.26-05.17.54:119][  0]LogInit: Computer: LAPTOP-ODSBRGOU
[2019.06.26-05.17.54:119][  0]LogInit: User: xavie
[2019.06.26-05.17.54:120][  0]LogInit: CPU Page size=4096, Cores=4
[2019.06.26-05.17.54:120][  0]LogInit: High frequency timer resolution =10.000000 MHz
[2019.06.26-05.17.54:120][  0]LogMemory: Memory total: Physical=15.9GB (16GB approx)
[2019.06.26-05.17.54:120][  0]LogMemory: Platform Memory Stats for Windows
[2019.06.26-05.17.54:120][  0]LogMemory: Process Physical Memory: 102.17 MB used, 102.18 MB peak
[2019.06.26-05.17.54:120][  0]LogMemory: Process Virtual Memory: 91.42 MB used, 91.42 MB peak
[2019.06.26-05.17.54:120][  0]LogMemory: Physical Memory: 8636.52 MB used,  7639.65 MB free, 16276.17 MB total
[2019.06.26-05.17.54:120][  0]LogMemory: Virtual Memory: 4649.95 MB used,  134213080.00 MB free, 134217728.00 MB total
[2019.06.26-05.17.54:151][  0]LogInit: Using OS detected language (en-US).
[2019.06.26-05.17.54:152][  0]LogInit: Using OS detected locale (en-US).
[2019.06.26-05.17.54:155][  0]LogTextLocalizationManager: No specific localization for 'en-US' exists, so the 'en' localization will be used.
[2019.06.26-05.17.54:667][  0]LogStreaming: Display: Took  0.515s to InitEngineTextLocalization.
[2019.06.26-05.17.54:667][  0]LogInit: Setting process to per monitor DPI aware
[2019.06.26-05.17.54:723][  0]LogSlate: New Slate User Created.  User Index 0, Is Virtual User: 0
[2019.06.26-05.17.54:723][  0]LogSlate: Slate User Registered.  User Index 0, Is Virtual User: 0
[2019.06.26-05.17.55:422][  0]LogHMD: Failed to initialize OpenVR with code 110
[2019.06.26-05.17.55:422][  0]LogD3D11RHI: D3D11 adapters:
[2019.06.26-05.17.55:500][  0]LogD3D11RHI:    0. 'NVIDIA GeForce GTX 1060' (Feature Level 11_0)
[2019.06.26-05.17.55:500][  0]LogD3D11RHI:       6061/0/8138 MB DedicatedVideo/DedicatedSystem/SharedSystem, Outputs:1, VendorId:0x10de
[2019.06.26-05.17.55:523][  0]LogD3D11RHI:    1. 'Intel(R) HD Graphics 530' (Feature Level 11_0)
[2019.06.26-05.17.55:523][  0]LogD3D11RHI:       128/0/8138 MB DedicatedVideo/DedicatedSystem/SharedSystem, Outputs:0, VendorId:0x8086
[2019.06.26-05.17.55:526][  0]LogD3D11RHI:    2. 'Microsoft Basic Render Driver' (Feature Level 11_0)
[2019.06.26-05.17.55:526][  0]LogD3D11RHI:       0/0/8138 MB DedicatedVideo/DedicatedSystem/SharedSystem, Outputs:0, VendorId:0x1414
[2019.06.26-05.17.55:526][  0]LogD3D11RHI: Chosen D3D11 Adapter: 0
[2019.06.26-05.17.55:582][  0]LogD3D11RHI: Creating new Direct3DDevice
[2019.06.26-05.17.55:582][  0]LogD3D11RHI:     GPU DeviceId: 0x1c20 (for the marketing name, search the web for "GPU Device Id")
[2019.06.26-05.17.55:582][  0]LogWindows: EnumDisplayDevices:
[2019.06.26-05.17.55:582][  0]LogWindows:    0. 'Intel(R) HD Graphics 530' (P:1 D:1)
[2019.06.26-05.17.55:582][  0]LogWindows:    1. 'Intel(R) HD Graphics 530' (P:0 D:0)
[2019.06.26-05.17.55:583][  0]LogWindows:    2. 'Intel(R) HD Graphics 530' (P:0 D:0)
[2019.06.26-05.17.55:583][  0]LogWindows:    3. 'NVIDIA GeForce GTX 1060' (P:0 D:0)
[2019.06.26-05.17.55:583][  0]LogWindows: DebugString: PrimaryIsNotTheChoosenAdapter PrimaryIsNotTheChoosenAdapter PrimaryIsNotTheChoosenAdapter 
[2019.06.26-05.17.55:583][  0]LogD3D11RHI:     Adapter Name: NVIDIA GeForce GTX 1060
[2019.06.26-05.17.55:583][  0]LogD3D11RHI:   Driver Version: 388.73 (internal:23.21.13.8873, unified:388.73)
[2019.06.26-05.17.55:583][  0]LogD3D11RHI:      Driver Date: 12-18-2017
[2019.06.26-05.17.55:583][  0]LogRHI: Texture pool is 4242 MB (70% of 6061 MB)
[2019.06.26-05.17.55:623][  0]LogD3D11RHI: Async texture creation enabled
[2019.06.26-05.17.55:637][  0]LogD3D11RHI: GPU Timing Frequency: 1000.000000 (Debug: 2 1)
[2019.06.26-05.17.56:170][  0]LogTemp: Display: Loaded TP AllDesktopTargetPlatform
[2019.06.26-05.17.56:192][  0]LogTemp: Display: Loaded TP MacClientTargetPlatform
[2019.06.26-05.17.56:212][  0]LogTemp: Display: Loaded TP MacNoEditorTargetPlatform
[2019.06.26-05.17.56:230][  0]LogTemp: Display: Loaded TP MacServerTargetPlatform
[2019.06.26-05.17.56:246][  0]LogTemp: Display: Loaded TP MacTargetPlatform
[2019.06.26-05.17.56:268][  0]LogTemp: Display: Loaded TP WindowsClientTargetPlatform
[2019.06.26-05.17.56:287][  0]LogTemp: Display: Loaded TP WindowsNoEditorTargetPlatform
[2019.06.26-05.17.56:302][  0]LogTemp: Display: Loaded TP WindowsServerTargetPlatform
[2019.06.26-05.17.56:314][  0]LogTemp: Display: Loaded TP WindowsTargetPlatform
[2019.06.26-05.17.56:450][  0]LogTemp: Display: Loaded TP AndroidTargetPlatform
[2019.06.26-05.17.56:450][  0]LogTemp: Display: Loaded TP AndroidTargetPlatform
[2019.06.26-05.17.56:450][  0]LogTemp: Display: Loaded TP AndroidTargetPlatform
[2019.06.26-05.17.56:450][  0]LogTemp: Display: Loaded TP AndroidTargetPlatform
[2019.06.26-05.17.56:450][  0]LogTemp: Display: Loaded TP AndroidTargetPlatform
[2019.06.26-05.17.56:450][  0]LogTemp: Display: Loaded TP AndroidTargetPlatform
[2019.06.26-05.17.56:450][  0]LogTemp: Display: Loaded TP AndroidTargetPlatform
[2019.06.26-05.17.56:450][  0]LogTemp: Display: Loaded TP AndroidTargetPlatform
[2019.06.26-05.17.56:450][  0]LogTemp: Display: Loaded TP AndroidTargetPlatform
[2019.06.26-05.17.56:450][  0]LogTemp: Display: Loaded TP AndroidTargetPlatform
[2019.06.26-05.17.56:450][  0]LogTemp: Display: Loaded TP AndroidTargetPlatform
[2019.06.26-05.17.56:450][  0]LogTemp: Display: Loaded TP AndroidTargetPlatform
[2019.06.26-05.17.56:450][  0]LogTemp: Display: Loaded TP AndroidTargetPlatform
[2019.06.26-05.17.56:450][  0]LogTemp: Display: Loaded TP AndroidTargetPlatform
[2019.06.26-05.17.56:450][  0]LogTemp: Display: Loaded TP AndroidTargetPlatform
[2019.06.26-05.17.56:450][  0]LogTemp: Display: Loaded TP AndroidTargetPlatform
[2019.06.26-05.17.56:450][  0]LogTemp: Display: Loaded TP AndroidTargetPlatform
[2019.06.26-05.17.56:450][  0]LogTemp: Display: Loaded TP AndroidTargetPlatform
[2019.06.26-05.17.56:454][  0]LogTemp: Display: Loaded TP HTML5TargetPlatform
[2019.06.26-05.17.56:535][  0]LogTemp: Display: Loaded TP IOSTargetPlatform
[2019.06.26-05.17.56:535][  0]LogTemp: Display: Loaded TP IOSTargetPlatform
[2019.06.26-05.17.56:581][  0]LogTemp: Display: Loaded TP TVOSTargetPlatform
[2019.06.26-05.17.56:581][  0]LogTemp: Display: Loaded TP TVOSTargetPlatform
[2019.06.26-05.17.56:608][  0]LogTemp: Display: Loaded TP LinuxClientTargetPlatform
[2019.06.26-05.17.56:635][  0]LogTemp: Display: Loaded TP LinuxNoEditorTargetPlatform
[2019.06.26-05.17.56:659][  0]LogTemp: Display: Loaded TP LinuxServerTargetPlatform
[2019.06.26-05.17.56:684][  0]LogTemp: Display: Loaded TP LinuxTargetPlatform
[2019.06.26-05.17.56:757][  0]LogTemp: Display: Loaded TP LuminTargetPlatform
[2019.06.26-05.17.56:758][  0]LogTemp: Display: Loaded TP LuminTargetPlatform
[2019.06.26-05.17.56:758][  0]LogTargetPlatformManager: Display: Building Assets For Windows
[2019.06.26-05.17.56:888][  0]LogShaderCompilers: Guid format shader working directory is -20 characters bigger than the processId version (C:/Users/xavie/OneDrive/Documents/GitHub/finalLevel/BaseCityBlock/Intermediate/Shaders/WorkingDirectory/15988/).
[2019.06.26-05.17.56:888][  0]LogShaderCompilers: Cleaned the shader compiler working directory 'C:/Users/xavie/AppData/Local/Temp/UnrealShaderWorkingDir/DB01B17A4FA89DA3EF150B9B91960B9F/'.
[2019.06.26-05.17.56:891][  0]LogXGEController: Cannot use XGE Controller as Incredibuild is not installed on this machine.
[2019.06.26-05.17.56:891][  0]LogShaderCompilers: Cannot use XGE Shader Compiler as Incredibuild is not installed on this machine.
[2019.06.26-05.17.56:891][  0]LogShaderCompilers: Display: Using Local Shader Compiler.
[2019.06.26-05.17.57:629][  0]LogDerivedDataCache: Display: Max Cache Size: 512 MB
[2019.06.26-05.17.57:691][  0]LogDerivedDataCache: Loaded boot cache 0.06s 71MB C:/Users/xavie/AppData/Local/UnrealEngine/4.21/DerivedDataCache/Boot.ddc.
[2019.06.26-05.17.57:691][  0]LogDerivedDataCache: Display: Loaded Boot cache: C:/Users/xavie/AppData/Local/UnrealEngine/4.21/DerivedDataCache/Boot.ddc
[2019.06.26-05.17.57:691][  0]LogDerivedDataCache: FDerivedDataBackendGraph:  Pak pak cache file C:/Users/xavie/OneDrive/Documents/GitHub/finalLevel/BaseCityBlock/DerivedDataCache/DDC.ddp not found, will not use a pak cache.
[2019.06.26-05.17.57:691][  0]LogDerivedDataCache: Unable to find inner node Pak for hierarchical cache Hierarchy.
[2019.06.26-05.17.57:691][  0]LogDerivedDataCache: FDerivedDataBackendGraph:  CompressedPak pak cache file C:/Users/xavie/OneDrive/Documents/GitHub/finalLevel/BaseCityBlock/DerivedDataCache/Compressed.ddp not found, will not use a pak cache.
[2019.06.26-05.17.57:691][  0]LogDerivedDataCache: Unable to find inner node CompressedPak for hierarchical cache Hierarchy.
[2019.06.26-05.17.57:711][  0]LogDerivedDataCache: Display: Pak cache opened for reading ../../../Engine/DerivedDataCache/Compressed.ddp.
[2019.06.26-05.17.57:711][  0]LogDerivedDataCache: FDerivedDataBackendGraph:  EnterprisePak pak cache file ../../../Enterprise/DerivedDataCache/Compressed.ddp not found, will not use a pak cache.
[2019.06.26-05.17.57:711][  0]LogDerivedDataCache: Unable to find inner node EnterprisePak for hierarchical cache Hierarchy.
[2019.06.26-05.17.57:724][  0]LogDerivedDataCache: Using Local data cache path C:/Users/xavie/AppData/Local/UnrealEngine/Common/DerivedDataCache: Writable
[2019.06.26-05.17.57:724][  0]LogDerivedDataCache: Shared data cache path not found in *engine.ini, will not use an Shared cache.
[2019.06.26-05.17.57:724][  0]LogDerivedDataCache: Unable to find inner node Shared for hierarchical cache Hierarchy.
[2019.06.26-05.17.57:753][  0]LogMaterial: Verifying Global Shaders for PCD3D_SM5
[2019.06.26-05.17.57:755][  0]LogSlate: Using FreeType 2.6.0
[2019.06.26-05.17.57:757][  0]LogSlate: SlateFontServices - WITH_FREETYPE: 1, WITH_HARFBUZZ: 1
[2019.06.26-05.17.57:860][  0]LogAssetRegistry: FAssetRegistry took 0.0361 seconds to start up
[2019.06.26-05.17.58:384][  0]LogInit: Selected Device Profile: [Windows]
[2019.06.26-05.17.58:577][  0]LogSimplygon: Simplygon DLL not present - disabling.
[2019.06.26-05.17.58:580][  0]LogMeshReduction: Using SimplygonSwarm for distributed automatic mesh merging
[2019.06.26-05.17.58:580][  0]LogMeshReduction: Using ProxyLODMeshReduction for automatic mesh merging
[2019.06.26-05.17.58:581][  0]LogMeshReduction: Using QuadricMeshReduction for automatic static mesh reduction
[2019.06.26-05.17.58:581][  0]LogMeshReduction: No automatic skeletal mesh reduction module available
[2019.06.26-05.17.58:604][  0]LogNetVersion: BaseCityBlock 1.0.0, NetCL: 4541578, EngineNetVer: 5, GameNetVer: 0 (Checksum: 574320730)
[2019.06.26-05.17.59:344][  0]LogPackageLocalizationCache: Processed 11 localized package path(s) for 2 prioritized culture(s) in 0.126835 seconds
[2019.06.26-05.17.59:354][  0]LogUObjectArray: 39775 objects as part of root set at end of initial load.
[2019.06.26-05.17.59:354][  0]LogUObjectAllocator: 6914664 out of 0 bytes used by permanent object pool.
[2019.06.26-05.17.59:354][  0]LogUObjectArray: CloseDisregardForGC: 0/0 objects in disregard for GC pool
[2019.06.26-05.18.00:416][  0]LogTcpMessaging: Initializing TcpMessaging bridge
[2019.06.26-05.18.00:430][  0]LogUdpMessaging: Initializing bridge on interface 0.0.0.0:0 to multicast group 230.0.0.1:6666.
[2019.06.26-05.18.01:215][  0]SourceControl: Source control is disabled
[2019.06.26-05.18.01:215][  0]SourceControl: Source control is disabled
[2019.06.26-05.18.01:217][  0]SourceControl: Source control is disabled
[2019.06.26-05.18.01:219][  0]SourceControl: Source control is disabled
[2019.06.26-05.18.01:445][  0]LogAndroidPermission: UAndroidPermissionCallbackProxy::GetInstance
[2019.06.26-05.18.01:602][  0]LogOcInput: OculusInput pre-init called
[2019.06.26-05.18.01:742][  0]LogEngine: Initializing Engine...
[2019.06.26-05.18.01:743][  0]LogHMD: Failed to initialize OpenVR with code 110
[2019.06.26-05.18.01:744][  0]LogStats: UGameplayTagsManager::ConstructGameplayTagTree: ImportINI prefixes -  0.000 s
[2019.06.26-05.18.01:744][  0]LogStats: UGameplayTagsManager::ConstructGameplayTagTree: Construct from data asset -  0.000 s
[2019.06.26-05.18.01:744][  0]LogStats: UGameplayTagsManager::ConstructGameplayTagTree: ImportINI -  0.000 s
[2019.06.26-05.18.01:744][  0]LogStats: UGameplayTagsManager::ConstructGameplayTagTree: GameplayTagTreeChangedEvent.Broadcast -  0.000 s
[2019.06.26-05.18.02:047][  0]LogInit: Initializing FReadOnlyCVARCache
[2019.06.26-05.18.02:067][  0]LogAIModule: Creating AISystem for world Untitled
[2019.06.26-05.18.02:162][  0]LogInit: XAudio2 using 'Speakers (Realtek High Definition Audio)' : 2 channels at 48 kHz using 32 bits per sample (channel mask 0x3)
[2019.06.26-05.18.02:178][  0]LogInit: FAudioDevice initialized.
[2019.06.26-05.18.02:179][  0]LogNetVersion: Set ProjectVersion to 1.0.0.0. Version Checksum will be recalculated on next use.
[2019.06.26-05.18.02:381][  0]LogDerivedDataCache: Saved boot cache 0.20s 71MB C:/Users/xavie/AppData/Local/UnrealEngine/4.21/DerivedDataCache/Boot.ddc.
[2019.06.26-05.18.02:382][  0]LogInit: Texture streaming: Enabled
[2019.06.26-05.18.02:403][  0]LogEngineSessionManager: EngineSessionManager initialized
[2019.06.26-05.18.02:423][  0]LogInit: Transaction tracking system initialized
[2019.06.26-05.18.02:453][  0]BlueprintLog: New page: Editor Load
[2019.06.26-05.18.02:547][  0]LocalizationService: Localization service is disabled
[2019.06.26-05.18.03:035][  0]LogFileCache: Scanning file cache for directory 'C:/Users/xavie/OneDrive/Documents/GitHub/finalLevel/BaseCityBlock/Content/' took 0.01s
[2019.06.26-05.18.03:035][  0]LogCook: Display: Max memory allowance for cook 16384mb min free memory 0mb
[2019.06.26-05.18.03:035][  0]LogCook: Display: Mobile HDR setting 1
[2019.06.26-05.18.03:036][  0]LogGameplayTags: Display: UGameplayTagsManager::DoneAddingNativeTags. DelegateIsBound: 0
[2019.06.26-05.18.03:036][  0]LogStats: UGameplayTagsManager::ConstructGameplayTagTree: ImportINI prefixes -  0.000 s
[2019.06.26-05.18.03:036][  0]LogStats: UGameplayTagsManager::ConstructGameplayTagTree: Construct from data asset -  0.000 s
[2019.06.26-05.18.03:036][  0]LogStats: UGameplayTagsManager::ConstructGameplayTagTree: ImportINI -  0.000 s
[2019.06.26-05.18.03:036][  0]LogStats: UGameplayTagsManager::ConstructGameplayTagTree: GameplayTagTreeChangedEvent.Broadcast -  0.000 s
[2019.06.26-05.18.03:184][  0]SourceControl: Source control is disabled
[2019.06.26-05.18.03:184][  0]Cmd: MAP LOAD FILE="../../../Engine/Content/Maps/Templates/Template_Default.umap" TEMPLATE=1 SHOWPROGRESS=1 FEATURELEVEL=3
[2019.06.26-05.18.03:185][  0]LightingResults: New page: Lighting Build
[2019.06.26-05.18.03:188][  0]MapCheck: New page: Map Check
[2019.06.26-05.18.03:188][  0]LightingResults: New page: Lighting Build
[2019.06.26-05.18.03:405][  0]LogAIModule: Creating AISystem for world Untitled_1
[2019.06.26-05.18.03:415][  0]LogEditorServer: Finished looking for orphan Actors (0.000 secs)
[2019.06.26-05.18.03:443][  0]Cmd: MAP CHECKDEP NOCLEARLOG
[2019.06.26-05.18.03:443][  0]MapCheck: Map check complete: 0 Error(s), 0 Warning(s), took 0.213ms to complete.
[2019.06.26-05.18.03:443][  0]LogFileHelpers: Loading map 'Template_Default' took 0.259
[2019.06.26-05.18.03:579][  0]LogSlate: Updating window title bar state: overlay mode, drag disabled, window buttons hidden, title bar hidden
[2019.06.26-05.18.03:591][  0]LogSlate: Updating window title bar state: overlay mode, drag disabled, window buttons hidden, title bar hidden
[2019.06.26-05.18.03:603][  0]LogSlate: Updating window title bar state: overlay mode, drag disabled, window buttons hidden, title bar hidden
[2019.06.26-05.18.03:619][  0]LogSlate: Updating window title bar state: overlay mode, drag disabled, window buttons hidden, title bar hidden
[2019.06.26-05.18.03:627][  0]LogCollectionManager: Loaded 0 collections in 0.001990 seconds
[2019.06.26-05.18.03:644][  0]LogFileCache: Scanning file cache for directory 'C:/Users/xavie/OneDrive/Documents/GitHub/finalLevel/BaseCityBlock/Saved/Collections/' took 0.01s
[2019.06.26-05.18.03:644][  0]LogFileCache: Scanning file cache for directory 'C:/Users/xavie/OneDrive/Documents/GitHub/finalLevel/BaseCityBlock/Content/Developers/xavie/Collections/' took 0.00s
[2019.06.26-05.18.03:644][  0]LogFileCache: Scanning file cache for directory 'C:/Users/xavie/OneDrive/Documents/GitHub/finalLevel/BaseCityBlock/Content/Collections/' took 0.00s
[2019.06.26-05.18.03:644][  0]LogCollectionManager: Rebuilt the GUID cache for 0 collections in 0.000000 seconds
[2019.06.26-05.18.03:655][  0]LogContentBrowser: Native class hierarchy populated in 0.0105 seconds. Added 2651 classes and 620 folders.
[2019.06.26-05.18.03:664][  0]LogContentBrowser: Native class hierarchy updated for 'WidgetCarousel' in 0.0003 seconds. Added 0 classes and 0 folders.
[2019.06.26-05.18.03:667][  0]LogPakFile: Registered encryption key '00000000000000000000000000000000': 0 pak files mounted, 0 remain pending
[2019.06.26-05.18.03:668][  0]LogPakFile: Registered encryption key '00000000000000000000000000000000': 0 pak files mounted, 0 remain pending
[2019.06.26-05.18.03:669][  0]LogPakFile: Registered encryption key '00000000000000000000000000000000': 0 pak files mounted, 0 remain pending
[2019.06.26-05.18.03:669][  0]LogPakFile: Registered encryption key '00000000000000000000000000000000': 0 pak files mounted, 0 remain pending
[2019.06.26-05.18.03:670][  0]LogPakFile: Registered encryption key '00000000000000000000000000000000': 0 pak files mounted, 0 remain pending
[2019.06.26-05.18.03:671][  0]LogPakFile: Registered encryption key '00000000000000000000000000000000': 0 pak files mounted, 0 remain pending
[2019.06.26-05.18.03:671][  0]LogPakFile: Registered encryption key '00000000000000000000000000000000': 0 pak files mounted, 0 remain pending
[2019.06.26-05.18.03:672][  0]LogPakFile: Registered encryption key '00000000000000000000000000000000': 0 pak files mounted, 0 remain pending
[2019.06.26-05.18.03:673][  0]LogPakFile: Registered encryption key '00000000000000000000000000000000': 0 pak files mounted, 0 remain pending
[2019.06.26-05.18.03:673][  0]LogPakFile: Registered encryption key '00000000000000000000000000000000': 0 pak files mounted, 0 remain pending
[2019.06.26-05.18.03:674][  0]LogPakFile: Registered encryption key '00000000000000000000000000000000': 0 pak files mounted, 0 remain pending
[2019.06.26-05.18.03:674][  0]LogPakFile: Registered encryption key '00000000000000000000000000000000': 0 pak files mounted, 0 remain pending
[2019.06.26-05.18.03:675][  0]LogPakFile: Registered encryption key '00000000000000000000000000000000': 0 pak files mounted, 0 remain pending
[2019.06.26-05.18.03:675][  0]LogPakFile: Registered encryption key '00000000000000000000000000000000': 0 pak files mounted, 0 remain pending
[2019.06.26-05.18.03:676][  0]LogPakFile: Registered encryption key '00000000000000000000000000000000': 0 pak files mounted, 0 remain pending
[2019.06.26-05.18.03:677][  0]LogPakFile: Registered encryption key '00000000000000000000000000000000': 0 pak files mounted, 0 remain pending
[2019.06.26-05.18.03:678][  0]LogPakFile: Registered encryption key '00000000000000000000000000000000': 0 pak files mounted, 0 remain pending
[2019.06.26-05.18.03:678][  0]LogPakFile: Registered encryption key '00000000000000000000000000000000': 0 pak files mounted, 0 remain pending
[2019.06.26-05.18.03:679][  0]LogPakFile: Registered encryption key '00000000000000000000000000000000': 0 pak files mounted, 0 remain pending
[2019.06.26-05.18.03:680][  0]LogPakFile: Registered encryption key '00000000000000000000000000000000': 0 pak files mounted, 0 remain pending
[2019.06.26-05.18.03:680][  0]LogPakFile: Registered encryption key '00000000000000000000000000000000': 0 pak files mounted, 0 remain pending
[2019.06.26-05.18.03:681][  0]LogPakFile: Registered encryption key '00000000000000000000000000000000': 0 pak files mounted, 0 remain pending
[2019.06.26-05.18.03:682][  0]LogPakFile: Registered encryption key '00000000000000000000000000000000': 0 pak files mounted, 0 remain pending
[2019.06.26-05.18.03:683][  0]LogPakFile: Registered encryption key '00000000000000000000000000000000': 0 pak files mounted, 0 remain pending
[2019.06.26-05.18.03:683][  0]LogPakFile: Registered encryption key '00000000000000000000000000000000': 0 pak files mounted, 0 remain pending
[2019.06.26-05.18.03:684][  0]LogPakFile: Registered encryption key '00000000000000000000000000000000': 0 pak files mounted, 0 remain pending
[2019.06.26-05.18.03:835][  0]LogContentBrowser: Native class hierarchy updated for 'AddContentDialog' in 0.0003 seconds. Added 0 classes and 0 folders.
[2019.06.26-05.18.03:841][  0]LogContentBrowser: Native class hierarchy updated for 'SceneOutliner' in 0.0004 seconds. Added 1 classes and 2 folders.
[2019.06.26-05.18.03:866][  0]LogSlate: Took 0.000195 seconds to synchronously load lazily loaded font '../../../Engine/Content/Slate/Fonts/Roboto-Regular.ttf' (155K)
[2019.06.26-05.18.03:869][  0]LogSlate: Took 0.000196 seconds to synchronously load lazily loaded font '../../../Engine/Content/Slate/Fonts/Roboto-Bold.ttf' (160K)
[2019.06.26-05.18.03:878][  0]LogSlate: Took 0.000169 seconds to synchronously load lazily loaded font '../../../Engine/Content/Editor/Slate/Fonts/FontAwesome.ttf' (139K)
[2019.06.26-05.18.04:037][  0]LogRenderer: Reallocating scene render targets to support 1004x460 Format 10 NumSamples 1 (Frame:1).
[2019.06.26-05.18.04:350][  0]LogContentBrowser: Native class hierarchy updated for 'HierarchicalLODOutliner' in 0.0004 seconds. Added 0 classes and 0 folders.
[2019.06.26-05.18.04:350][  0]LogLoad: (Engine Initialization) Total time: 15.26 seconds
[2019.06.26-05.18.04:350][  0]LogLoad: (Engine Initialization) Total Blueprint compile time: 0.00 seconds
[2019.06.26-05.18.04:422][  0]LogContentStreaming: Texture pool size now 1000 MB
[2019.06.26-05.18.04:507][  2]LogAssetRegistry: Asset discovery search completed in 6.6711 seconds
[2019.06.26-05.18.04:509][  2]LogCollectionManager: Rebuilt the object cache for 0 collections in 0.000000 seconds (found 0 objects)
[2019.06.26-05.18.04:509][  2]LogCollectionManager: Fixed up redirectors for 0 collections in 0.000071 seconds (updated 0 objects)
[2019.06.26-05.18.08:442][231]LogSlate: Took 0.000137 seconds to synchronously load lazily loaded font '../../../Engine/Content/Slate/Fonts/Roboto-Light.ttf' (167K)
[2019.06.26-05.18.39:595][ 97]LogSlate: FSceneViewport::OnFocusLost() reason 0
[2019.06.26-05.18.39:769][107]LogSlate: Took 0.000177 seconds to synchronously load lazily loaded font '../../../Engine/Content/Slate/Fonts/Roboto-Light.ttf' (167K)
[2019.06.26-05.18.40:279][107]LogAIModule: Creating AISystem for world Xavier_Level
[2019.06.26-05.18.40:307][107]LogAssetEditorManager: Opening Asset editor for World /Game/CastleBlocks/Xavier_Level.Xavier_Level
[2019.06.26-05.18.40:340][107]Cmd: MAP LOAD FILE="C:/Users/xavie/OneDrive/Documents/GitHub/finalLevel/BaseCityBlock/Content/CastleBlocks/Xavier_Level.umap" TEMPLATE=0 SHOWPROGRESS=1 FEATURELEVEL=3
[2019.06.26-05.18.40:340][107]LightingResults: New page: Lighting Build
[2019.06.26-05.18.40:341][107]LoadErrors: New page: Loading map: Xavier_Level.umap
[2019.06.26-05.18.40:342][107]MapCheck: New page: Map Check
[2019.06.26-05.18.40:342][107]LightingResults: New page: Lighting Build
[2019.06.26-05.18.40:401][107]LogEditorServer: Finished looking for orphan Actors (0.000 secs)
[2019.06.26-05.18.40:446][107]Cmd: MAP CHECKDEP NOCLEARLOG
[2019.06.26-05.18.40:447][107]MapCheck: Map check complete: 0 Error(s), 0 Warning(s), took 0.251ms to complete.
[2019.06.26-05.18.40:447][107]LogFileHelpers: Loading map 'Xavier_Level' took 0.108
[2019.06.26-05.23.07:383][588]LogSlate: FSceneViewport::OnFocusLost() reason 0
[2019.06.26-05.34.15:923][859]LogSlate: FSceneViewport::OnFocusLost() reason 0
[2019.06.26-05.34.47:677][864]LogFactory: FactoryCreateFile: StaticMesh with FbxFactory (0 0 C:/Users/xavie/OneDrive/Documents/GitHub/CastleBlock/easterEgg.obj)
[2019.06.26-05.34.47:696][864]LogFbx: Loading FBX Scene from C:/Users/xavie/OneDrive/Documents/GitHub/CastleBlock/easterEgg.obj
[2019.06.26-05.34.47:704][864]LogFbx: FBX Scene Loaded Succesfully
[2019.06.26-05.34.55:195][864]LogSlate: Window 'FBX Import Options' being destroyed
[2019.06.26-05.34.55:507][864]LogFbx: Warning: Triangulating static mesh pSphere1
[2019.06.26-05.34.55:556][864]LogStaticMesh: Building static mesh easterEgg...
[2019.06.26-05.34.55:566][864]LogStaticMesh: Built static mesh [0.01s] /Game/CastleBlocks/easterEgg.easterEgg
[2019.06.26-05.34.58:726][ 27]LogFileHelpers: Editor autosave (incl. sublevels) for '/Game/CastleBlocks/Xavier_Level' took 0.028
[2019.06.26-05.34.58:728][ 27]OBJ SavePackage: Generating thumbnails for [1] asset(s) in package [/Game/CastleBlocks/easterEgg] ([1] browsable assets)...
[2019.06.26-05.34.58:747][ 27]OBJ SavePackage:     Rendered thumbnail for [StaticMesh /Game/CastleBlocks/easterEgg.easterEgg]
[2019.06.26-05.34.58:747][ 27]OBJ SavePackage: Finished generating thumbnails for package [/Game/CastleBlocks/easterEgg]
[2019.06.26-05.34.58:767][ 27]LogSavePackage: Moving 'C:/Users/xavie/OneDrive/Documents/GitHub/finalLevel/BaseCityBlock/Saved/easterEgg_Auto1F3913F1C4EED1E5D7ADFEE9BFA239A65.tmp' to 'C:/Users/xavie/OneDrive/Documents/GitHub/finalLevel/BaseCityBlock/Saved/Autosaves/Game/CastleBlocks/easterEgg_Auto1.uasset'
[2019.06.26-05.34.58:769][ 27]OBJ SavePackage: Generating thumbnails for [1] asset(s) in package [/Game/CastleBlocks/initialShadingGroup5] ([1] browsable assets)...
[2019.06.26-05.34.58:783][ 27]OBJ SavePackage:     Rendered thumbnail for [MaterialInstanceConstant /Game/CastleBlocks/initialShadingGroup5.initialShadingGroup5]
[2019.06.26-05.34.58:784][ 27]OBJ SavePackage: Finished generating thumbnails for package [/Game/CastleBlocks/initialShadingGroup5]
[2019.06.26-05.34.58:798][ 27]LogSavePackage: Moving 'C:/Users/xavie/OneDrive/Documents/GitHub/finalLevel/BaseCityBlock/Saved/initialShadingGroup5_Auto19AC19AA84C84755F0C9F4F91976F6ABA.tmp' to 'C:/Users/xavie/OneDrive/Documents/GitHub/finalLevel/BaseCityBlock/Saved/Autosaves/Game/CastleBlocks/initialShadingGroup5_Auto1.uasset'
[2019.06.26-05.34.58:799][ 27]LogFileHelpers: Auto-saving content packages took 0.072
[2019.06.26-05.34.58:916][ 33]LogAssetEditorManager: Opening Asset editor for StaticMesh /Game/CastleBlocks/gate002.gate002
[2019.06.26-05.34.59:569][ 33]LogRenderer: Reallocating scene render targets to support 1192x744 Format 10 NumSamples 1 (Frame:1).
[2019.06.26-05.34.59:569][ 33]LogSlate: Took 0.000161 seconds to synchronously load lazily loaded font '../../../Engine/Content/Slate/Fonts/Roboto-Italic.ttf' (157K)
[2019.06.26-05.35.05:156][264]LogSlate: Window 'Delete Assets' being destroyed
[2019.06.26-05.35.08:417][398]LogAssetEditorManager: Opening Asset editor for StaticMesh /Game/CastleBlocks/easterEgg.easterEgg
[2019.06.26-05.35.10:656][485]LogSlate: Window 'easterEgg*' being destroyed
[2019.06.26-05.35.10:675][486]LogRenderer: Reallocating scene render targets to support 2008x916 Format 10 NumSamples 1 (Frame:13050).
[2019.06.26-05.35.10:689][487]LogRenderer: Reallocating scene render targets to support 2384x1484 Format 10 NumSamples 1 (Frame:410).
[2019.06.26-05.35.13:734][646]LogSlate: FSceneViewport::OnFocusLost() reason 2
[2019.06.26-05.35.18:276][895]LogSlate: FSceneViewport::OnFocusLost() reason 0
[2019.06.26-05.35.18:427][900]Cmd: OBJ SAVEPACKAGE PACKAGE="/Game/CastleBlocks/easterEgg" FILE="C:/Users/xavie/OneDrive/Documents/GitHub/finalLevel/BaseCityBlock/Content/CastleBlocks/easterEgg.uasset" SILENT=true
[2019.06.26-05.35.18:443][900]LogSavePackage: Moving 'C:/Users/xavie/OneDrive/Documents/GitHub/finalLevel/BaseCityBlock/Saved/easterEgg92D877A043E0B80C2A9094820C0D40C1.tmp' to 'C:/Users/xavie/OneDrive/Documents/GitHub/finalLevel/BaseCityBlock/Content/CastleBlocks/easterEgg.uasset'
[2019.06.26-05.35.19:238][942]LogSlate: FSceneViewport::OnFocusLost() reason 0
[2019.06.26-05.35.23:865][ 52]LogSlate: Window 'Delete Assets' being destroyed
[2019.06.26-05.36.23:446][733]LogSlate: FSceneViewport::OnFocusLost() reason 0
[2019.06.26-05.36.26:672][738]LogSlate: Window 'Message' being destroyed
[2019.06.26-05.36.26:680][738]LogFactory: FactoryCreateFile: StaticMesh with FbxFactory (0 0 C:/Users/xavie/OneDrive/Documents/GitHub/CastleBlock/chest.obj)
[2019.06.26-05.36.26:686][738]LogEditorFactories: Performing atomic reimport of [C:/Users/xavie/OneDrive/Documents/GitHub/CastleBlock/chest.obj]
[2019.06.26-05.36.26:698][738]LogFbx: Loading FBX Scene from C:/Users/xavie/OneDrive/Documents/GitHub/CastleBlock/chest.obj
[2019.06.26-05.36.26:707][738]LogFbx: FBX Scene Loaded Succesfully
[2019.06.26-05.36.26:710][738]LogFbx: Warning: Triangulating static mesh pCube3
[2019.06.26-05.36.26:770][738]LogStaticMesh: Building static mesh chest...
[2019.06.26-05.36.26:782][738]LogStaticMesh: Built static mesh [0.01s] /Game/CastleBlocks/chest.chest
[2019.06.26-05.36.26:793][738]LogEditorFactories: -- imported successfully
[2019.06.26-05.36.33:853][129]LogSlate: FSceneViewport::OnFocusLost() reason 0
[2019.06.26-05.36.34:212][138]LogActorFactory: Actor Factory created easterEgg
[2019.06.26-05.36.35:311][177]LogActorFactory: Actor Factory created easterEgg
[2019.06.26-05.37.02:426][760]LogEditorViewport: Clicking on Actor (LMB): StaticMeshActor (plainBlock230)
[2019.06.26-05.37.16:517][589]LogEditorViewport: Clicking on Actor (LMB): StaticMeshActor (easterEgg)
[2019.06.26-05.37.45:036][289]LogSlate: FSceneViewport::OnFocusLost() reason 2
[2019.06.26-05.37.46:019][289]LogSavePackage: Moving 'C:/Users/xavie/OneDrive/Documents/GitHub/finalLevel/BaseCityBlock/Saved/Xavier_LevelB152AEC342D731167D770FB6A87D239B.tmp' to 'C:/Users/xavie/OneDrive/Documents/GitHub/finalLevel/BaseCityBlock/Content/CastleBlocks/Xavier_Level.umap'
[2019.06.26-05.37.46:187][289]LogSavePackage: Moving 'C:/Users/xavie/OneDrive/Documents/GitHub/finalLevel/BaseCityBlock/Saved/Xavier_Level_BuiltDataA67B02C94662DB759CFDC68F188DACC9.tmp' to 'C:/Users/xavie/OneDrive/Documents/GitHub/finalLevel/BaseCityBlock/Content/CastleBlocks/Xavier_Level_BuiltData.uasset'
[2019.06.26-05.37.55:364][804]LogSlate: FSceneViewport::OnFocusLost() reason 0
[2019.06.26-05.38.23:090][436]LogEditorViewport: Clicking on Actor (LMB): SkeletalMeshActor (skeleton003)
[2019.06.26-05.38.24:205][495]LogSlate: FSceneViewport::OnFocusLost() reason 0
[2019.06.26-05.38.29:080][499]LogFactory: FactoryCreateFile: StaticMesh with FbxFactory (0 0 C:/Users/xavie/OneDrive/Documents/GitHub/mannequin/walkAnimation002.fbx)
[2019.06.26-05.38.29:101][499]LogFbx: Loading FBX Scene from C:/Users/xavie/OneDrive/Documents/GitHub/mannequin/walkAnimation002.fbx
[2019.06.26-05.38.29:139][499]LogFbx: FBX Scene Loaded Succesfully
[2019.06.26-05.38.30:783][499]LogSlate: Window 'FBX Import Options' being destroyed
[2019.06.26-05.38.30:816][499]FBXImport: Warning: Mesh [Geometry have no name] in the fbx file is not reference by any hierarchy node. 
[2019.06.26-05.38.30:816][499]FBXImport: Warning: Mesh [Geometry have no name] in the fbx file is not reference by any hierarchy node. 
[2019.06.26-05.38.30:816][499]FBXImport: Warning: Mesh [Geometry have no name] in the fbx file is not reference by any hierarchy node. 
[2019.06.26-05.38.30:816][499]FBXImport: Warning: Mesh [Geometry have no name] in the fbx file is not reference by any hierarchy node. 
[2019.06.26-05.38.30:816][499]FBXImport: Warning: Mesh [Geometry have no name] in the fbx file is not reference by any hierarchy node. 
[2019.06.26-05.38.30:816][499]FBXImport: Warning: Mesh [Geometry have no name] in the fbx file is not reference by any hierarchy node. 
[2019.06.26-05.38.30:816][499]FBXImport: Warning: Mesh [Geometry have no name] in the fbx file is not reference by any hierarchy node. 
[2019.06.26-05.38.30:816][499]FBXImport: Warning: Mesh [Geometry have no name] in the fbx file is not reference by any hierarchy node. 
[2019.06.26-05.38.30:816][499]FBXImport: Warning: Mesh [Geometry have no name] in the fbx file is not reference by any hierarchy node. 
[2019.06.26-05.38.30:816][499]FBXImport: Warning: Mesh [Geometry have no name] in the fbx file is not reference by any hierarchy node. 
[2019.06.26-05.38.30:816][499]FBXImport: Warning: Mesh [Geometry have no name] in the fbx file is not reference by any hierarchy node. 
[2019.06.26-05.38.30:816][499]FBXImport: Warning: Mesh [Geometry have no name] in the fbx file is not reference by any hierarchy node. 
[2019.06.26-05.38.30:816][499]FBXImport: Warning: Mesh [Geometry have no name] in the fbx file is not reference by any hierarchy node. 
[2019.06.26-05.38.30:816][499]FBXImport: Warning: Mesh [Geometry have no name] in the fbx file is not reference by any hierarchy node. 
[2019.06.26-05.38.30:816][499]FBXImport: Warning: Mesh [Geometry have no name] in the fbx file is not reference by any hierarchy node. 
[2019.06.26-05.38.30:816][499]FBXImport: Warning: Mesh [Geometry have no name] in the fbx file is not reference by any hierarchy node. 
[2019.06.26-05.38.30:816][499]FBXImport: Warning: Mesh [Geometry have no name] in the fbx file is not reference by any hierarchy node. 
[2019.06.26-05.38.30:816][499]FBXImport: Warning: Mesh [Geometry have no name] in the fbx file is not reference by any hierarchy node. 
[2019.06.26-05.38.30:816][499]FBXImport: Warning: Mesh [Geometry have no name] in the fbx file is not reference by any hierarchy node. 
[2019.06.26-05.38.30:816][499]FBXImport: Warning: Mesh [Geometry have no name] in the fbx file is not reference by any hierarchy node. 
[2019.06.26-05.38.30:816][499]FBXImport: Warning: Mesh [Geometry have no name] in the fbx file is not reference by any hierarchy node. 
[2019.06.26-05.38.30:817][499]FBXImport: Warning: Mesh [Geometry have no name] in the fbx file is not reference by any hierarchy node. 
[2019.06.26-05.38.30:817][499]FBXImport: Error: Mesh contains group3 bone as root but animation doesn't contain the root track.
Import failed. 
[2019.06.26-05.38.30:817][499]FBXImport: Error: Import failed. 
[2019.06.26-05.38.36:836][499]LogSlate: Window 'Message' being destroyed
[2019.06.26-05.38.36:844][499]LogAssetTools: Warning: Failed to import 'C:/Users/xavie/OneDrive/Documents/GitHub/mannequin/walkAnimation002.fbx'. Failed to create asset '/Game/mannequin/walkAnimation002'.
Please see Output Log for details.
[2019.06.26-05.38.38:862][607]LogSlate: Window 'Message Log' being destroyed
[2019.06.26-05.38.38:877][607]LogSlate: Window 'Message Log' being destroyed
[2019.06.26-05.38.46:605][ 60]LogSlate: FSceneViewport::OnFocusLost() reason 2
[2019.06.26-05.38.47:740][ 60]LogSavePackage: Moving 'C:/Users/xavie/OneDrive/Documents/GitHub/finalLevel/BaseCityBlock/Saved/Xavier_Level012A999C4AA47F461823D88BC1D1FCF8.tmp' to 'C:/Users/xavie/OneDrive/Documents/GitHub/finalLevel/BaseCityBlock/Content/CastleBlocks/Xavier_Level.umap'
[2019.06.26-05.38.47:872][ 60]LogSavePackage: Moving 'C:/Users/xavie/OneDrive/Documents/GitHub/finalLevel/BaseCityBlock/Saved/Xavier_Level_BuiltDataB6861DE34EADFA9A0F40308DF743F01C.tmp' to 'C:/Users/xavie/OneDrive/Documents/GitHub/finalLevel/BaseCityBlock/Content/CastleBlocks/Xavier_Level_BuiltData.uasset'
[2019.06.26-05.38.48:126][ 68]LogSlate: FSceneViewport::OnFocusLost() reason 2
[2019.06.26-05.38.49:551][148]LogEditorViewport: Clicking on Actor (LMB): BP_Sky_Sphere_C (Sky Sphere)
[2019.06.26-05.38.52:857][341]LogSlate: FSceneViewport::OnFocusLost() reason 0
[2019.06.26-05.38.58:868][693]LogEditorViewport: Clicking on Actor (LMB): StaticMeshActor (easterEgg)
[2019.06.26-05.43.12:922][846]LogSlate: FSceneViewport::OnFocusLost() reason 2
[2019.06.26-05.43.20:310][253]LogSlate: FSceneViewport::OnFocusLost() reason 0
[2019.06.26-05.43.26:359][601]LogEditorViewport: Clicking on Actor (LMB): StaticMeshActor (plainBlock180)
[2019.06.26-05.43.26:704][617]LogEditorViewport: Clicking on Actor (LMB): StaticMeshActor (plainBlock171)
[2019.06.26-05.43.30:237][809]LogSlate: FSceneViewport::OnFocusLost() reason 0
[2019.06.26-05.43.37:100][182]Cmd: TRANSACTION UNDO
[2019.06.26-05.43.37:100][182]LogEditorTransaction: Undo Replace component used material
[2019.06.26-05.43.52:494][ 79]LogSlate: FSceneViewport::OnFocusLost() reason 0
[2019.06.26-05.44.28:465][213]LogSlate: FSceneViewport::OnFocusLost() reason 0
[2019.06.26-05.44.33:459][504]EditorErrors: New page: Actor attachment
[2019.06.26-05.44.35:423][617]EditorErrors: New page: Actor attachment
[2019.06.26-05.44.39:400][847]EditorErrors: New page: Actor attachment
[2019.06.26-05.44.41:372][961]EditorErrors: New page: Actor attachment
[2019.06.26-05.44.43:665][ 92]EditorErrors: New page: Actor attachment
[2019.06.26-05.44.48:738][392]EditorErrors: New page: Actor attachment
[2019.06.26-05.44.57:243][887]LogSlate: FSceneViewport::OnFocusLost() reason 0
[2019.06.26-05.45.08:034][521]Cmd: EDIT CUT
[2019.06.26-05.45.08:078][521]LogEditorActor: Deleted Actor: StaticMeshActor
[2019.06.26-05.45.08:079][521]LogEditorActor: Deleted Actor: StaticMeshActor
[2019.06.26-05.45.08:103][521]LogEditorActor: Deleted 2 Actors (0.061 secs)
[2019.06.26-05.45.12:783][800]Cmd: EDIT PASTE
[2019.06.26-05.46.09:639][142]LogSlate: FSceneViewport::OnFocusLost() reason 0
[2019.06.26-05.46.16:885][493]LogSavePackage: Moving 'C:/Users/xavie/OneDrive/Documents/GitHub/finalLevel/BaseCityBlock/Saved/Xavier_Level6D9F4C90405973B12F82689279C716BB.tmp' to 'C:/Users/xavie/OneDrive/Documents/GitHub/finalLevel/BaseCityBlock/Content/CastleBlocks/Xavier_Level.umap'
[2019.06.26-05.46.16:908][493]LogFileHelpers: Saving map 'Xavier_Level' took 0.981
[2019.06.26-05.46.16:951][493]Cmd: OBJ SAVEPACKAGE PACKAGE="/Game/CastleBlocks/chest" FILE="C:/Users/xavie/OneDrive/Documents/GitHub/finalLevel/BaseCityBlock/Content/CastleBlocks/chest.uasset" SILENT=true
[2019.06.26-05.46.16:988][493]LogSavePackage: Moving 'C:/Users/xavie/OneDrive/Documents/GitHub/finalLevel/BaseCityBlock/Saved/chestBA72C73B4E84F928A720FCB566F53EA9.tmp' to 'C:/Users/xavie/OneDrive/Documents/GitHub/finalLevel/BaseCityBlock/Content/CastleBlocks/chest.uasset'
[2019.06.26-05.48.51:976][134]LogSlate: FSceneViewport::OnFocusLost() reason 0
[2019.06.26-05.52.11:582][304]LogFactory: FactoryCreateFile: StaticMesh with FbxFactory (0 0 C:/Users/xavie/OneDrive/Documents/GitHub/mannequin/walkAnimation.fbx)
[2019.06.26-05.52.11:598][304]LogFbx: Loading FBX Scene from C:/Users/xavie/OneDrive/Documents/GitHub/mannequin/walkAnimation.fbx
[2019.06.26-05.52.11:628][304]LogFbx: FBX Scene Loaded Succesfully
[2019.06.26-05.52.28:074][304]LogSlate: Window 'FBX Import Options' being destroyed
[2019.06.26-05.52.28:107][304]FBXImport: Warning: Mesh [Geometry have no name] in the fbx file is not reference by any hierarchy node. 
[2019.06.26-05.52.28:107][304]FBXImport: Warning: Mesh [Geometry have no name] in the fbx file is not reference by any hierarchy node. 
[2019.06.26-05.52.28:107][304]FBXImport: Warning: Mesh [Geometry have no name] in the fbx file is not reference by any hierarchy node. 
[2019.06.26-05.52.28:107][304]FBXImport: Warning: Mesh [Geometry have no name] in the fbx file is not reference by any hierarchy node. 
[2019.06.26-05.52.28:107][304]FBXImport: Warning: Mesh [Geometry have no name] in the fbx file is not reference by any hierarchy node. 
[2019.06.26-05.52.28:107][304]FBXImport: Warning: Mesh [Geometry have no name] in the fbx file is not reference by any hierarchy node. 
[2019.06.26-05.52.28:107][304]FBXImport: Warning: Mesh [Geometry have no name] in the fbx file is not reference by any hierarchy node. 
[2019.06.26-05.52.28:107][304]FBXImport: Warning: Mesh [Geometry have no name] in the fbx file is not reference by any hierarchy node. 
[2019.06.26-05.52.28:107][304]FBXImport: Warning: Mesh [Geometry have no name] in the fbx file is not reference by any hierarchy node. 
[2019.06.26-05.52.28:107][304]FBXImport: Warning: Mesh [Geometry have no name] in the fbx file is not reference by any hierarchy node. 
[2019.06.26-05.52.28:108][304]FBXImport: Warning: Mesh [Geometry have no name] in the fbx file is not reference by any hierarchy node. 
[2019.06.26-05.52.28:108][304]FBXImport: Warning: Mesh [Geometry have no name] in the fbx file is not reference by any hierarchy node. 
[2019.06.26-05.52.28:108][304]FBXImport: Warning: Mesh [Geometry have no name] in the fbx file is not reference by any hierarchy node. 
[2019.06.26-05.52.28:108][304]FBXImport: Warning: Mesh [Geometry have no name] in the fbx file is not reference by any hierarchy node. 
[2019.06.26-05.52.28:108][304]FBXImport: Warning: Mesh [Geometry have no name] in the fbx file is not reference by any hierarchy node. 
[2019.06.26-05.52.28:108][304]FBXImport: Warning: Mesh [Geometry have no name] in the fbx file is not reference by any hierarchy node. 
[2019.06.26-05.52.28:108][304]FBXImport: Warning: Mesh [Geometry have no name] in the fbx file is not reference by any hierarchy node. 
[2019.06.26-05.52.28:108][304]FBXImport: Warning: Mesh [Geometry have no name] in the fbx file is not reference by any hierarchy node. 
[2019.06.26-05.52.28:108][304]FBXImport: Warning: Mesh [Geometry have no name] in the fbx file is not reference by any hierarchy node. 
[2019.06.26-05.52.28:108][304]FBXImport: Warning: Mesh [Geometry have no name] in the fbx file is not reference by any hierarchy node. 
[2019.06.26-05.52.28:108][304]FBXImport: Warning: Mesh [Geometry have no name] in the fbx file is not reference by any hierarchy node. 
[2019.06.26-05.52.28:108][304]FBXImport: Warning: Mesh [Geometry have no name] in the fbx file is not reference by any hierarchy node. 
[2019.06.26-05.52.28:108][304]FBXImport: Error: Mesh contains group3 bone as root but animation doesn't contain the root track.
Import failed. 
[2019.06.26-05.52.28:108][304]FBXImport: Error: Import failed. 
[2019.06.26-05.52.29:952][304]LogSlate: Window 'Message' being destroyed
[2019.06.26-05.52.29:961][304]LogAssetTools: Warning: Failed to import 'C:/Users/xavie/OneDrive/Documents/GitHub/mannequin/walkAnimation.fbx'. Failed to create asset '/Game/mannequin/walkAnimation'.
Please see Output Log for details.
[2019.06.26-05.52.29:999][305]LogUnrealEdMisc: Warning: Heartbeat event firing too frequently (0.000 sec). This should never happen. Something is wrong with the timer delegate!
[2019.06.26-05.52.29:999][305]LogUnrealEdMisc: Warning: Heartbeat event firing too frequently (0.000 sec). This should never happen. Something is wrong with the timer delegate!
[2019.06.26-05.52.34:074][375]LogFactory: FactoryCreateFile: StaticMesh with FbxFactory (0 0 C:/Users/xavie/OneDrive/Documents/GitHub/mannequin/walkAnimation002.fbx)
[2019.06.26-05.52.34:089][375]LogFbx: Loading FBX Scene from C:/Users/xavie/OneDrive/Documents/GitHub/mannequin/walkAnimation002.fbx
[2019.06.26-05.52.34:129][375]LogFbx: FBX Scene Loaded Succesfully
[2019.06.26-05.52.38:320][375]LogSlate: Window 'FBX Import Options' being destroyed
[2019.06.26-05.52.38:356][375]FBXImport: Warning: Mesh [Geometry have no name] in the fbx file is not reference by any hierarchy node. 
[2019.06.26-05.52.38:356][375]FBXImport: Warning: Mesh [Geometry have no name] in the fbx file is not reference by any hierarchy node. 
[2019.06.26-05.52.38:356][375]FBXImport: Warning: Mesh [Geometry have no name] in the fbx file is not reference by any hierarchy node. 
[2019.06.26-05.52.38:356][375]FBXImport: Warning: Mesh [Geometry have no name] in the fbx file is not reference by any hierarchy node. 
[2019.06.26-05.52.38:356][375]FBXImport: Warning: Mesh [Geometry have no name] in the fbx file is not reference by any hierarchy node. 
[2019.06.26-05.52.38:356][375]FBXImport: Warning: Mesh [Geometry have no name] in the fbx file is not reference by any hierarchy node. 
[2019.06.26-05.52.38:356][375]FBXImport: Warning: Mesh [Geometry have no name] in the fbx file is not reference by any hierarchy node. 
[2019.06.26-05.52.38:356][375]FBXImport: Warning: Mesh [Geometry have no name] in the fbx file is not reference by any hierarchy node. 
[2019.06.26-05.52.38:356][375]FBXImport: Warning: Mesh [Geometry have no name] in the fbx file is not reference by any hierarchy node. 
[2019.06.26-05.52.38:356][375]FBXImport: Warning: Mesh [Geometry have no name] in the fbx file is not reference by any hierarchy node. 
[2019.06.26-05.52.38:356][375]FBXImport: Warning: Mesh [Geometry have no name] in the fbx file is not reference by any hierarchy node. 
[2019.06.26-05.52.38:356][375]FBXImport: Warning: Mesh [Geometry have no name] in the fbx file is not reference by any hierarchy node. 
[2019.06.26-05.52.38:356][375]FBXImport: Warning: Mesh [Geometry have no name] in the fbx file is not reference by any hierarchy node. 
[2019.06.26-05.52.38:356][375]FBXImport: Warning: Mesh [Geometry have no name] in the fbx file is not reference by any hierarchy node. 
[2019.06.26-05.52.38:356][375]FBXImport: Warning: Mesh [Geometry have no name] in the fbx file is not reference by any hierarchy node. 
[2019.06.26-05.52.38:356][375]FBXImport: Warning: Mesh [Geometry have no name] in the fbx file is not reference by any hierarchy node. 
[2019.06.26-05.52.38:356][375]FBXImport: Warning: Mesh [Geometry have no name] in the fbx file is not reference by any hierarchy node. 
[2019.06.26-05.52.38:356][375]FBXImport: Warning: Mesh [Geometry have no name] in the fbx file is not reference by any hierarchy node. 
[2019.06.26-05.52.38:356][375]FBXImport: Warning: Mesh [Geometry have no name] in the fbx file is not reference by any hierarchy node. 
[2019.06.26-05.52.38:356][375]FBXImport: Warning: Mesh [Geometry have no name] in the fbx file is not reference by any hierarchy node. 
[2019.06.26-05.52.38:356][375]FBXImport: Warning: Mesh [Geometry have no name] in the fbx file is not reference by any hierarchy node. 
[2019.06.26-05.52.38:356][375]FBXImport: Warning: Mesh [Geometry have no name] in the fbx file is not reference by any hierarchy node. 
[2019.06.26-05.52.38:356][375]FBXImport: Error: Mesh contains group3 bone as root but animation doesn't contain the root track.
Import failed. 
[2019.06.26-05.52.38:356][375]FBXImport: Error: Import failed. 
[2019.06.26-05.52.39:568][375]LogSlate: Window 'Message' being destroyed
[2019.06.26-05.52.39:578][375]LogAssetTools: Warning: Failed to import 'C:/Users/xavie/OneDrive/Documents/GitHub/mannequin/walkAnimation002.fbx'. Failed to create asset '/Game/mannequin/walkAnimation002'.
Please see Output Log for details.
[2019.06.26-05.52.41:251][470]LogSlate: Window 'Message Log' being destroyed
[2019.06.26-05.52.41:261][470]LogSlate: Window 'Message Log' being destroyed
[2019.06.26-05.52.49:033][925]LogAssetEditorManager: Opening Asset editor for AnimSequence /Game/mannequin/skeleton003_Anim.skeleton003_Anim
[2019.06.26-05.52.49:042][925]LogContentBrowser: Native class hierarchy updated for 'SkeletonEditor' in 0.0003 seconds. Added 1 classes and 2 folders.
[2019.06.26-05.52.49:052][925]LogActorComponent: RegisterComponentWithWorld: (/Engine/Transient.World_6:PersistentLevel.AnimationEditorPreviewActor_0.DebugSkelMeshComponent_0) Already registered. Aborting.
[2019.06.26-05.52.49:055][925]LogContentBrowser: Native class hierarchy updated for 'PinnedCommandList' in 0.0003 seconds. Added 1 classes and 0 folders.
[2019.06.26-05.52.49:083][925]LogSkeletalMesh: USkeletalMeshComponent::InitArticulated : Bodies already created (/Engine/Transient.World_6:PersistentLevel.AnimationEditorPreviewActor_0.DebugSkelMeshComponent_0) - call TermArticulated first.
[2019.06.26-05.52.49:476][925]LogContentBrowser: Native class hierarchy updated for 'ClothingSystemEditorInterface' in 0.0004 seconds. Added 1 classes and 0 folders.
[2019.06.26-05.52.49:492][925]LogContentBrowser: Verbose: The majority of assets in the view are of type: AnimSequence
[2019.06.26-05.53.04:370][751]LogUnrealEdMisc: Warning: Heartbeat event firing too frequently (34.371 sec). This should never happen. Something is wrong with the timer delegate!
[2019.06.26-05.54.55:764][404]LogSlate: FSceneViewport::OnFocusLost() reason 0
[2019.06.26-05.55.00:612][665]LogActorFactory: Actor Factory created cannon001
[2019.06.26-05.55.01:440][697]LogActorFactory: Actor Factory created cannon001
[2019.06.26-05.55.44:855][219]LogEditorViewport: Clicking on Actor (LMB): StaticMeshActor (cannon8)
[2019.06.26-05.55.45:529][257]LogEditorViewport: Clicking on Actor (LMB): StaticMeshActor (cannon7)
[2019.06.26-05.55.52:862][661]Cmd: TRANSACTION UNDO
[2019.06.26-05.55.52:862][661]LogEditorTransaction: Undo Rotate Actors
[2019.06.26-05.56.12:563][787]Cmd: TRANSACTION UNDO
[2019.06.26-05.56.12:563][787]LogEditorTransaction: Undo Rotate Actors
[2019.06.26-05.56.12:961][798]Cmd: TRANSACTION UNDO
[2019.06.26-05.56.12:961][798]LogEditorTransaction: Undo Rotate Actors
[2019.06.26-05.56.15:871][959]LogEditorViewport: Clicking on Actor (LMB): StaticMeshActor (GroundBase42)
[2019.06.26-05.56.16:469][990]LogSlate: FSceneViewport::OnFocusLost() reason 2
[2019.06.26-05.56.17:456][990]LogSavePackage: Moving 'C:/Users/xavie/OneDrive/Documents/GitHub/finalLevel/BaseCityBlock/Saved/Xavier_LevelFFC4B14E48765056659C2B9AF7FED147.tmp' to 'C:/Users/xavie/OneDrive/Documents/GitHub/finalLevel/BaseCityBlock/Content/CastleBlocks/Xavier_Level.umap'
[2019.06.26-05.56.17:588][990]LogSavePackage: Moving 'C:/Users/xavie/OneDrive/Documents/GitHub/finalLevel/BaseCityBlock/Saved/Xavier_Level_BuiltData3F191151496B23BDB5FD79A5CCC00AA1.tmp' to 'C:/Users/xavie/OneDrive/Documents/GitHub/finalLevel/BaseCityBlock/Content/CastleBlocks/Xavier_Level_BuiltData.uasset'
